{"/home/travis/build/npmtest/node-npmtest-postcss-pxtorem/test.js":{"path":"/home/travis/build/npmtest/node-npmtest-postcss-pxtorem/test.js","s":{"1":2,"2":2,"3":2,"4":2,"5":2,"6":2,"7":2,"8":1,"9":2,"10":2,"11":1,"12":1,"13":1,"14":1,"15":2,"16":2,"17":2,"18":2,"19":1,"20":1,"21":2,"22":2,"23":2,"24":1,"25":1,"26":1,"27":1,"28":1,"29":1,"30":1,"31":1,"32":1,"33":1,"34":1,"35":1,"36":1,"37":1,"38":1,"39":2,"40":2,"41":1,"42":2,"43":2,"44":1,"45":2,"46":2,"47":1,"48":2,"49":2,"50":1,"51":1,"52":1,"53":1,"54":1},"b":{"1":[2,1,1,1],"2":[1,1,1,1],"3":[1,1],"4":[1,1],"5":[1,1],"6":[1,1],"7":[1,1],"8":[1,1],"9":[1,1],"10":[1,1,1],"11":[1,1],"12":[1,1],"13":[1,1],"14":[1,1],"15":[1,1],"16":[1,1],"17":[1,1]},"f":{"1":2,"2":2,"3":2,"4":2,"5":2,"6":1,"7":1,"8":1,"9":2,"10":2,"11":2,"12":2,"13":1},"fnMap":{"1":{"name":"(anonymous_1)","line":12,"loc":{"start":{"line":12,"column":1},"end":{"line":12,"column":13}}},"2":{"name":"(anonymous_2)","line":19,"loc":{"start":{"line":19,"column":5},"end":{"line":19,"column":17}}},"3":{"name":"(anonymous_3)","line":23,"loc":{"start":{"line":23,"column":24},"end":{"line":23,"column":36}}},"4":{"name":"(anonymous_4)","line":61,"loc":{"start":{"line":61,"column":5},"end":{"line":61,"column":17}}},"5":{"name":"(anonymous_5)","line":82,"loc":{"start":{"line":82,"column":5},"end":{"line":82,"column":17}}},"6":{"name":"(anonymous_6)","line":91,"loc":{"start":{"line":91,"column":77},"end":{"line":94,"column":10}}},"7":{"name":"(anonymous_7)","line":112,"loc":{"start":{"line":112,"column":83},"end":{"line":115,"column":10}},"skip":true},"8":{"name":"(anonymous_8)","line":123,"loc":{"start":{"line":123,"column":77},"end":{"line":126,"column":10}},"skip":true},"9":{"name":"(anonymous_9)","line":139,"loc":{"start":{"line":139,"column":12},"end":{"line":139,"column":40}},"skip":true},"10":{"name":"(anonymous_10)","line":147,"loc":{"start":{"line":147,"column":77},"end":{"line":150,"column":10}},"skip":true},"11":{"name":"(anonymous_11)","line":158,"loc":{"start":{"line":158,"column":83},"end":{"line":161,"column":10}},"skip":true},"12":{"name":"(anonymous_12)","line":169,"loc":{"start":{"line":169,"column":79},"end":{"line":172,"column":10}},"skip":true},"13":{"name":"(anonymous_13)","line":180,"loc":{"start":{"line":180,"column":75},"end":{"line":183,"column":10}},"skip":true}},"statementMap":{"1":{"start":{"line":12,"column":0},"end":{"line":195,"column":5}},"2":{"start":{"line":14,"column":4},"end":{"line":14,"column":14}},"3":{"start":{"line":19,"column":4},"end":{"line":56,"column":9}},"4":{"start":{"line":21,"column":8},"end":{"line":21,"column":19}},"5":{"start":{"line":23,"column":8},"end":{"line":35,"column":13}},"6":{"start":{"line":24,"column":12},"end":{"line":34,"column":13}},"7":{"start":{"line":25,"column":16},"end":{"line":28,"column":30}},"8":{"start":{"line":30,"column":16},"end":{"line":33,"column":27}},"9":{"start":{"line":37,"column":8},"end":{"line":39,"column":21}},"10":{"start":{"line":40,"column":8},"end":{"line":53,"column":9}},"11":{"start":{"line":43,"column":12},"end":{"line":46,"column":14}},"12":{"start":{"line":47,"column":12},"end":{"line":47,"column":18}},"13":{"start":{"line":50,"column":12},"end":{"line":51,"column":46}},"14":{"start":{"line":52,"column":12},"end":{"line":52,"column":18}},"15":{"start":{"line":55,"column":8},"end":{"line":55,"column":35}},"16":{"start":{"line":61,"column":4},"end":{"line":63,"column":9}},"17":{"start":{"line":62,"column":8},"end":{"line":62,"column":15}},"18":{"start":{"line":64,"column":4},"end":{"line":77,"column":5}},"19":{"start":{"line":70,"column":8},"end":{"line":70,"column":14}},"20":{"start":{"line":76,"column":8},"end":{"line":76,"column":14}},"21":{"start":{"line":82,"column":4},"end":{"line":84,"column":9}},"22":{"start":{"line":83,"column":8},"end":{"line":83,"column":15}},"23":{"start":{"line":85,"column":4},"end":{"line":194,"column":5}},"24":{"start":{"line":91,"column":8},"end":{"line":99,"column":10}},"25":{"start":{"line":98,"column":12},"end":{"line":98,"column":35}},"26":{"start":{"line":102,"column":8},"end":{"line":104,"column":63}},"27":{"start":{"line":105,"column":8},"end":{"line":105,"column":14}},"28":{"start":{"line":112,"column":8},"end":{"line":121,"column":10},"skip":true},"29":{"start":{"line":119,"column":12},"end":{"line":119,"column":55},"skip":true},"30":{"start":{"line":120,"column":12},"end":{"line":120,"column":48},"skip":true},"31":{"start":{"line":123,"column":8},"end":{"line":136,"column":10},"skip":true},"32":{"start":{"line":130,"column":12},"end":{"line":130,"column":76},"skip":true},"33":{"start":{"line":131,"column":12},"end":{"line":131,"column":73},"skip":true},"34":{"start":{"line":132,"column":12},"end":{"line":132,"column":74},"skip":true},"35":{"start":{"line":133,"column":12},"end":{"line":133,"column":79},"skip":true},"36":{"start":{"line":134,"column":12},"end":{"line":134,"column":25},"skip":true},"37":{"start":{"line":135,"column":12},"end":{"line":135,"column":45},"skip":true},"38":{"start":{"line":138,"column":8},"end":{"line":145,"column":14},"skip":true},"39":{"start":{"line":143,"column":16},"end":{"line":143,"column":29},"skip":true},"40":{"start":{"line":144,"column":16},"end":{"line":144,"column":55},"skip":true},"41":{"start":{"line":147,"column":8},"end":{"line":156,"column":10},"skip":true},"42":{"start":{"line":154,"column":12},"end":{"line":154,"column":25},"skip":true},"43":{"start":{"line":155,"column":12},"end":{"line":155,"column":45},"skip":true},"44":{"start":{"line":158,"column":8},"end":{"line":167,"column":10},"skip":true},"45":{"start":{"line":165,"column":12},"end":{"line":165,"column":25},"skip":true},"46":{"start":{"line":166,"column":12},"end":{"line":166,"column":48},"skip":true},"47":{"start":{"line":169,"column":8},"end":{"line":178,"column":10},"skip":true},"48":{"start":{"line":176,"column":12},"end":{"line":176,"column":25},"skip":true},"49":{"start":{"line":177,"column":12},"end":{"line":177,"column":46},"skip":true},"50":{"start":{"line":180,"column":8},"end":{"line":189,"column":10},"skip":true},"51":{"start":{"line":187,"column":12},"end":{"line":187,"column":94},"skip":true},"52":{"start":{"line":188,"column":12},"end":{"line":188,"column":48},"skip":true},"53":{"start":{"line":192,"column":8},"end":{"line":192,"column":35},"skip":true},"54":{"start":{"line":193,"column":8},"end":{"line":193,"column":14},"skip":true}},"branchMap":{"1":{"line":25,"type":"binary-expr","locations":[{"start":{"line":25,"column":23},"end":{"line":25,"column":62}},{"start":{"line":26,"column":20},"end":{"line":26,"column":70}},{"start":{"line":27,"column":20},"end":{"line":27,"column":71}},{"start":{"line":28,"column":20},"end":{"line":28,"column":29}}]},"2":{"line":30,"type":"binary-expr","locations":[{"start":{"line":30,"column":23},"end":{"line":30,"column":37}},{"start":{"line":31,"column":20},"end":{"line":31,"column":61}},{"start":{"line":32,"column":20},"end":{"line":32,"column":70}},{"start":{"line":33,"column":20},"end":{"line":33,"column":26}}]},"3":{"line":37,"type":"cond-expr","locations":[{"start":{"line":38,"column":14},"end":{"line":38,"column":20}},{"start":{"line":39,"column":14},"end":{"line":39,"column":20}}]},"4":{"line":40,"type":"switch","locations":[{"start":{"line":42,"column":8},"end":{"line":47,"column":18}},{"start":{"line":49,"column":8},"end":{"line":52,"column":18}}]},"5":{"line":44,"type":"binary-expr","locations":[{"start":{"line":44,"column":16},"end":{"line":44,"column":44}},{"start":{"line":44,"column":48},"end":{"line":44,"column":66}}]},"6":{"line":50,"type":"binary-expr","locations":[{"start":{"line":50,"column":21},"end":{"line":50,"column":49}},{"start":{"line":50,"column":53},"end":{"line":50,"column":72}}]},"7":{"line":64,"type":"switch","locations":[{"start":{"line":69,"column":4},"end":{"line":70,"column":14}},{"start":{"line":75,"column":4},"end":{"line":76,"column":14}}]},"8":{"line":85,"type":"switch","locations":[{"start":{"line":90,"column":4},"end":{"line":105,"column":14}},{"start":{"line":111,"column":4},"end":{"line":193,"column":14},"skip":true}]},"9":{"line":91,"type":"binary-expr","locations":[{"start":{"line":91,"column":42},"end":{"line":91,"column":73}},{"start":{"line":91,"column":77},"end":{"line":99,"column":9}}]},"10":{"line":102,"type":"binary-expr","locations":[{"start":{"line":102,"column":18},"end":{"line":102,"column":32}},{"start":{"line":103,"column":12},"end":{"line":103,"column":53}},{"start":{"line":104,"column":12},"end":{"line":104,"column":61}}]},"11":{"line":112,"type":"binary-expr","locations":[{"start":{"line":112,"column":45},"end":{"line":112,"column":79},"skip":true},{"start":{"line":112,"column":83},"end":{"line":121,"column":9},"skip":true}]},"12":{"line":123,"type":"binary-expr","locations":[{"start":{"line":123,"column":42},"end":{"line":123,"column":73},"skip":true},{"start":{"line":123,"column":77},"end":{"line":136,"column":9},"skip":true}]},"13":{"line":138,"type":"binary-expr","locations":[{"start":{"line":138,"column":48},"end":{"line":138,"column":85},"skip":true},{"start":{"line":139,"column":12},"end":{"line":145,"column":13},"skip":true}]},"14":{"line":147,"type":"binary-expr","locations":[{"start":{"line":147,"column":42},"end":{"line":147,"column":73},"skip":true},{"start":{"line":147,"column":77},"end":{"line":156,"column":9},"skip":true}]},"15":{"line":158,"type":"binary-expr","locations":[{"start":{"line":158,"column":45},"end":{"line":158,"column":79},"skip":true},{"start":{"line":158,"column":83},"end":{"line":167,"column":9},"skip":true}]},"16":{"line":169,"type":"binary-expr","locations":[{"start":{"line":169,"column":43},"end":{"line":169,"column":75},"skip":true},{"start":{"line":169,"column":79},"end":{"line":178,"column":9},"skip":true}]},"17":{"line":180,"type":"binary-expr","locations":[{"start":{"line":180,"column":41},"end":{"line":180,"column":71},"skip":true},{"start":{"line":180,"column":75},"end":{"line":189,"column":9},"skip":true}]}},"code":["/* istanbul instrument in package npmtest_postcss_pxtorem */","/*jslint","    bitwise: true,","    browser: true,","    maxerr: 8,","    maxlen: 96,","    node: true,","    nomen: true,","    regexp: true,","    stupid: true","*/","(function () {","    'use strict';","    var local;","","","","    // run shared js-env code - pre-init","    (function () {","        // init local","        local = {};","        // init modeJs","        local.modeJs = (function () {","            try {","                return typeof navigator.userAgent === 'string' &&","                    typeof document.querySelector('body') === 'object' &&","                    typeof XMLHttpRequest.prototype.open === 'function' &&","                    'browser';","            } catch (errorCaughtBrowser) {","                return module.exports &&","                    typeof process.versions.node === 'string' &&","                    typeof require('http').createServer === 'function' &&","                    'node';","            }","        }());","        // init global","        local.global = local.modeJs === 'browser'","            ? window","            : global;","        switch (local.modeJs) {","        // re-init local from window.local","        case 'browser':","            local = local.global.utility2.objectSetDefault(","                local.global.utility2_rollup || local.global.local,","                local.global.utility2","            );","            break;","        // re-init local from example.js","        case 'node':","            local = (local.global.utility2_rollup || require('utility2'))","                .requireExampleJsFromReadme();","            break;","        }","        // export local","        local.global.local = local;","    }());","","","","    // run shared js-env code - function","    (function () {","        return;","    }());","    switch (local.modeJs) {","","","","    // run browser js-env code - function","    case 'browser':","        break;","","","","    // run node js-env code - function","    case 'node':","        break;","    }","","","","    // run shared js-env code - post-init","    (function () {","        return;","    }());","    switch (local.modeJs) {","","","","    // run browser js-env code - post-init","    case 'browser':","        local.testCase_browser_nullCase = local.testCase_browser_nullCase || function (","            options,","            onError","        ) {","        /*","         * this function will test browsers's null-case handling-behavior-behavior","         */","            onError(null, options);","        };","","        // run tests","        local.nop(local.modeTest &&","            document.querySelector('#testRunButton1') &&","            document.querySelector('#testRunButton1').click());","        break;","","","","    // run node js-env code - post-init","    /* istanbul ignore next */","    case 'node':","        local.testCase_buildApidoc_default = local.testCase_buildApidoc_default || function (","            options,","            onError","        ) {","        /*","         * this function will test buildApidoc's default handling-behavior-behavior","         */","            options = { modulePathList: module.paths };","            local.buildApidoc(options, onError);","        };","","        local.testCase_buildApp_default = local.testCase_buildApp_default || function (","            options,","            onError","        ) {","        /*","         * this function will test buildApp's default handling-behavior-behavior","         */","            local.testCase_buildReadme_default(options, local.onErrorThrow);","            local.testCase_buildLib_default(options, local.onErrorThrow);","            local.testCase_buildTest_default(options, local.onErrorThrow);","            local.testCase_buildCustomOrg_default(options, local.onErrorThrow);","            options = [];","            local.buildApp(options, onError);","        };","","        local.testCase_buildCustomOrg_default = local.testCase_buildCustomOrg_default ||","            function (options, onError) {","            /*","             * this function will test buildCustomOrg's default handling-behavior","             */","                options = {};","                local.buildCustomOrg(options, onError);","            };","","        local.testCase_buildLib_default = local.testCase_buildLib_default || function (","            options,","            onError","        ) {","        /*","         * this function will test buildLib's default handling-behavior","         */","            options = {};","            local.buildLib(options, onError);","        };","","        local.testCase_buildReadme_default = local.testCase_buildReadme_default || function (","            options,","            onError","        ) {","        /*","         * this function will test buildReadme's default handling-behavior-behavior","         */","            options = {};","            local.buildReadme(options, onError);","        };","","        local.testCase_buildTest_default = local.testCase_buildTest_default || function (","            options,","            onError","        ) {","        /*","         * this function will test buildTest's default handling-behavior","         */","            options = {};","            local.buildTest(options, onError);","        };","","        local.testCase_webpage_default = local.testCase_webpage_default || function (","            options,","            onError","        ) {","        /*","         * this function will test webpage's default handling-behavior","         */","            options = { modeCoverageMerge: true, url: local.serverLocalHost + '?modeTest=1' };","            local.browserTest(options, onError);","        };","","        // run test-server","        local.testRunServer(local);","        break;","    }","}());",""],"l":{"12":2,"14":2,"19":2,"21":2,"23":2,"24":2,"25":2,"30":1,"37":2,"40":2,"43":1,"47":1,"50":1,"52":1,"55":2,"61":2,"62":2,"64":2,"70":1,"76":1,"82":2,"83":2,"85":2,"91":1,"98":1,"102":1,"105":1,"112":1,"119":1,"120":1,"123":1,"130":1,"131":1,"132":1,"133":1,"134":1,"135":1,"138":1,"143":2,"144":2,"147":1,"154":2,"155":2,"158":1,"165":2,"166":2,"169":1,"176":2,"177":2,"180":1,"187":1,"188":1,"192":1,"193":1}},"/home/travis/build/npmtest/node-npmtest-postcss-pxtorem/lib.npmtest_postcss_pxtorem.js":{"path":"/home/travis/build/npmtest/node-npmtest-postcss-pxtorem/lib.npmtest_postcss_pxtorem.js","s":{"1":2,"2":2,"3":2,"4":2,"5":2,"6":2,"7":2,"8":1,"9":2,"10":2,"11":2,"12":2,"13":1,"14":1,"15":1,"16":1},"b":{"1":[2,1,1,1],"2":[1,1,1,1],"3":[1,1],"4":[2,2],"5":[1,1]},"f":{"1":2,"2":2,"3":2},"fnMap":{"1":{"name":"(anonymous_1)","line":12,"loc":{"start":{"line":12,"column":1},"end":{"line":12,"column":13}}},"2":{"name":"(anonymous_2)","line":19,"loc":{"start":{"line":19,"column":5},"end":{"line":19,"column":17}}},"3":{"name":"(anonymous_3)","line":23,"loc":{"start":{"line":23,"column":24},"end":{"line":23,"column":36}}}},"statementMap":{"1":{"start":{"line":12,"column":0},"end":{"line":53,"column":5}},"2":{"start":{"line":14,"column":4},"end":{"line":14,"column":14}},"3":{"start":{"line":19,"column":4},"end":{"line":52,"column":9}},"4":{"start":{"line":21,"column":8},"end":{"line":21,"column":19}},"5":{"start":{"line":23,"column":8},"end":{"line":35,"column":13}},"6":{"start":{"line":24,"column":12},"end":{"line":34,"column":13}},"7":{"start":{"line":25,"column":16},"end":{"line":28,"column":30}},"8":{"start":{"line":30,"column":16},"end":{"line":33,"column":27}},"9":{"start":{"line":37,"column":8},"end":{"line":39,"column":21}},"10":{"start":{"line":41,"column":8},"end":{"line":41,"column":54}},"11":{"start":{"line":43,"column":8},"end":{"line":43,"column":60}},"12":{"start":{"line":45,"column":8},"end":{"line":51,"column":9}},"13":{"start":{"line":46,"column":12},"end":{"line":46,"column":66}},"14":{"start":{"line":48,"column":12},"end":{"line":48,"column":35}},"15":{"start":{"line":49,"column":12},"end":{"line":49,"column":49}},"16":{"start":{"line":50,"column":12},"end":{"line":50,"column":43}}},"branchMap":{"1":{"line":25,"type":"binary-expr","locations":[{"start":{"line":25,"column":23},"end":{"line":25,"column":62}},{"start":{"line":26,"column":20},"end":{"line":26,"column":70}},{"start":{"line":27,"column":20},"end":{"line":27,"column":71}},{"start":{"line":28,"column":20},"end":{"line":28,"column":29}}]},"2":{"line":30,"type":"binary-expr","locations":[{"start":{"line":30,"column":23},"end":{"line":30,"column":37}},{"start":{"line":31,"column":20},"end":{"line":31,"column":61}},{"start":{"line":32,"column":20},"end":{"line":32,"column":70}},{"start":{"line":33,"column":20},"end":{"line":33,"column":26}}]},"3":{"line":37,"type":"cond-expr","locations":[{"start":{"line":38,"column":14},"end":{"line":38,"column":20}},{"start":{"line":39,"column":14},"end":{"line":39,"column":20}}]},"4":{"line":41,"type":"binary-expr","locations":[{"start":{"line":41,"column":16},"end":{"line":41,"column":44}},{"start":{"line":41,"column":48},"end":{"line":41,"column":53}}]},"5":{"line":45,"type":"if","locations":[{"start":{"line":45,"column":8},"end":{"line":45,"column":8}},{"start":{"line":45,"column":8},"end":{"line":45,"column":8}}]}},"code":["/* istanbul instrument in package npmtest_postcss_pxtorem */","/*jslint","    bitwise: true,","    browser: true,","    maxerr: 8,","    maxlen: 96,","    node: true,","    nomen: true,","    regexp: true,","    stupid: true","*/","(function () {","    'use strict';","    var local;","","","","    // run shared js-env code - pre-init","    (function () {","        // init local","        local = {};","        // init modeJs","        local.modeJs = (function () {","            try {","                return typeof navigator.userAgent === 'string' &&","                    typeof document.querySelector('body') === 'object' &&","                    typeof XMLHttpRequest.prototype.open === 'function' &&","                    'browser';","            } catch (errorCaughtBrowser) {","                return module.exports &&","                    typeof process.versions.node === 'string' &&","                    typeof require('http').createServer === 'function' &&","                    'node';","            }","        }());","        // init global","        local.global = local.modeJs === 'browser'","            ? window","            : global;","        // init utility2_rollup","        local = local.global.utility2_rollup || local;","        // init lib","        local.local = local.npmtest_postcss_pxtorem = local;","        // init exports","        if (local.modeJs === 'browser') {","            local.global.utility2_npmtest_postcss_pxtorem = local;","        } else {","            module.exports = local;","            module.exports.__dirname = __dirname;","            module.exports.module = module;","        }","    }());","}());",""],"l":{"12":2,"14":2,"19":2,"21":2,"23":2,"24":2,"25":2,"30":1,"37":2,"41":2,"43":2,"45":2,"46":1,"48":1,"49":1,"50":1}},"/home/travis/build/npmtest/node-npmtest-postcss-pxtorem/example.js":{"path":"/home/travis/build/npmtest/node-npmtest-postcss-pxtorem/example.js","s":{"1":2,"2":2,"3":2,"4":2,"5":2,"6":2,"7":2,"8":1,"9":2,"10":2,"11":2,"12":2,"13":1,"14":2,"15":2,"16":2,"17":2,"18":2,"19":0,"20":2,"21":1,"22":1,"23":1,"24":1,"25":1,"26":0,"27":0,"28":1,"29":1,"30":2,"31":0,"32":0,"33":0,"34":1,"35":2,"36":2,"37":3,"38":3,"39":3,"40":3,"41":0,"42":3,"43":3,"44":3,"45":1,"46":3,"47":1,"48":1,"49":1,"50":1,"51":1,"52":1,"53":1,"54":1,"55":1,"56":1,"57":0,"58":1,"59":6,"60":6,"61":1,"62":2,"63":0,"64":2,"65":1,"66":1,"67":0,"68":0,"69":0,"70":0,"71":0,"72":0,"73":0,"74":0,"75":0,"76":0,"77":0,"78":0,"79":0,"80":0,"81":0,"82":0,"83":0},"b":{"1":[2,1,1,1],"2":[1,1,1,1],"3":[1,1],"4":[2,2],"5":[1,1],"6":[1,1],"7":[2,0],"8":[2,1,1,1,1,1],"9":[0,2,0],"10":[1,1],"11":[2,1,1],"12":[1,0],"13":[0,2],"14":[2,0,0,0,0,0,0],"15":[0,3],"16":[3,0],"17":[1,1],"18":[0,1],"19":[1,2,0,2],"20":[1,0],"21":[1,1],"22":[0,0],"23":[0,0],"24":[0,0],"25":[0,0],"26":[0,0],"27":[0,0],"28":[0,0]},"f":{"1":2,"2":2,"3":2,"4":2,"5":2,"6":2,"7":3,"8":3,"9":3,"10":1,"11":6,"12":0},"fnMap":{"1":{"name":"(anonymous_1)","line":26,"loc":{"start":{"line":26,"column":1},"end":{"line":26,"column":13}}},"2":{"name":"(anonymous_2)","line":33,"loc":{"start":{"line":33,"column":5},"end":{"line":33,"column":17}}},"3":{"name":"(anonymous_3)","line":37,"loc":{"start":{"line":37,"column":24},"end":{"line":37,"column":36}}},"4":{"name":"(anonymous_4)","line":69,"loc":{"start":{"line":69,"column":31},"end":{"line":69,"column":48}},"skip":true},"5":{"name":"(anonymous_5)","line":78,"loc":{"start":{"line":78,"column":26},"end":{"line":78,"column":45}},"skip":true},"6":{"name":"(anonymous_6)","line":123,"loc":{"start":{"line":123,"column":33},"end":{"line":123,"column":48}},"skip":true},"7":{"name":"(anonymous_7)","line":125,"loc":{"start":{"line":125,"column":27},"end":{"line":125,"column":39}},"skip":true},"8":{"name":"(anonymous_8)","line":133,"loc":{"start":{"line":133,"column":59},"end":{"line":133,"column":74}},"skip":true},"9":{"name":"(anonymous_9)","line":143,"loc":{"start":{"line":143,"column":45},"end":{"line":143,"column":62}},"skip":true},"10":{"name":"(anonymous_10)","line":144,"loc":{"start":{"line":144,"column":73},"end":{"line":144,"column":92}},"skip":true},"11":{"name":"(anonymous_11)","line":272,"loc":{"start":{"line":272,"column":51},"end":{"line":272,"column":77}},"skip":true},"12":{"name":"(anonymous_12)","line":315,"loc":{"start":{"line":315,"column":32},"end":{"line":315,"column":61}},"skip":true}},"statementMap":{"1":{"start":{"line":26,"column":0},"end":{"line":326,"column":5}},"2":{"start":{"line":28,"column":4},"end":{"line":28,"column":14}},"3":{"start":{"line":33,"column":4},"end":{"line":60,"column":9}},"4":{"start":{"line":35,"column":8},"end":{"line":35,"column":19}},"5":{"start":{"line":37,"column":8},"end":{"line":49,"column":13}},"6":{"start":{"line":38,"column":12},"end":{"line":48,"column":13}},"7":{"start":{"line":39,"column":16},"end":{"line":42,"column":30}},"8":{"start":{"line":44,"column":16},"end":{"line":47,"column":27}},"9":{"start":{"line":51,"column":8},"end":{"line":53,"column":21}},"10":{"start":{"line":55,"column":8},"end":{"line":57,"column":45}},"11":{"start":{"line":59,"column":8},"end":{"line":59,"column":35}},"12":{"start":{"line":61,"column":4},"end":{"line":325,"column":5}},"13":{"start":{"line":69,"column":8},"end":{"line":121,"column":10},"skip":true},"14":{"start":{"line":70,"column":12},"end":{"line":88,"column":13},"skip":true},"15":{"start":{"line":76,"column":16},"end":{"line":87,"column":19},"skip":true},"16":{"start":{"line":79,"column":20},"end":{"line":86,"column":21},"skip":true},"17":{"start":{"line":82,"column":24},"end":{"line":82,"column":43},"skip":true},"18":{"start":{"line":83,"column":24},"end":{"line":83,"column":30},"skip":true},"19":{"start":{"line":85,"column":24},"end":{"line":85,"column":49},"skip":true},"20":{"start":{"line":89,"column":12},"end":{"line":107,"column":13},"skip":true},"21":{"start":{"line":92,"column":16},"end":{"line":102,"column":17},"skip":true},"22":{"start":{"line":93,"column":20},"end":{"line":93,"column":86},"skip":true},"23":{"start":{"line":94,"column":20},"end":{"line":95,"column":45},"skip":true},"24":{"start":{"line":96,"column":20},"end":{"line":96,"column":42},"skip":true},"25":{"start":{"line":97,"column":20},"end":{"line":97,"column":48},"skip":true},"26":{"start":{"line":100,"column":20},"end":{"line":100,"column":85},"skip":true},"27":{"start":{"line":101,"column":20},"end":{"line":101,"column":96},"skip":true},"28":{"start":{"line":103,"column":16},"end":{"line":103,"column":22},"skip":true},"29":{"start":{"line":106,"column":16},"end":{"line":106,"column":22},"skip":true},"30":{"start":{"line":108,"column":12},"end":{"line":120,"column":13},"skip":true},"31":{"start":{"line":114,"column":16},"end":{"line":119,"column":17},"skip":true},"32":{"start":{"line":116,"column":20},"end":{"line":116,"column":78},"skip":true},"33":{"start":{"line":118,"column":20},"end":{"line":118,"column":47},"skip":true},"34":{"start":{"line":123,"column":8},"end":{"line":141,"column":11},"skip":true},"35":{"start":{"line":124,"column":12},"end":{"line":124,"column":54},"skip":true},"36":{"start":{"line":125,"column":12},"end":{"line":140,"column":14},"skip":true},"37":{"start":{"line":126,"column":16},"end":{"line":126,"column":28},"skip":true},"38":{"start":{"line":127,"column":16},"end":{"line":127,"column":69},"skip":true},"39":{"start":{"line":128,"column":16},"end":{"line":128,"column":75},"skip":true},"40":{"start":{"line":129,"column":16},"end":{"line":131,"column":17},"skip":true},"41":{"start":{"line":130,"column":20},"end":{"line":130,"column":27},"skip":true},"42":{"start":{"line":133,"column":16},"end":{"line":137,"column":36},"skip":true},"43":{"start":{"line":134,"column":20},"end":{"line":136,"column":55},"skip":true},"44":{"start":{"line":139,"column":16},"end":{"line":139,"column":57},"skip":true},"45":{"start":{"line":143,"column":8},"end":{"line":147,"column":11},"skip":true},"46":{"start":{"line":144,"column":12},"end":{"line":146,"column":15},"skip":true},"47":{"start":{"line":145,"column":16},"end":{"line":145,"column":70},"skip":true},"48":{"start":{"line":149,"column":8},"end":{"line":149,"column":31},"skip":true},"49":{"start":{"line":150,"column":8},"end":{"line":150,"column":14},"skip":true},"50":{"start":{"line":158,"column":8},"end":{"line":158,"column":31},"skip":true},"51":{"start":{"line":160,"column":8},"end":{"line":160,"column":33},"skip":true},"52":{"start":{"line":161,"column":8},"end":{"line":161,"column":37},"skip":true},"53":{"start":{"line":162,"column":8},"end":{"line":162,"column":35},"skip":true},"54":{"start":{"line":164,"column":8},"end":{"line":164,"column":50},"skip":true},"55":{"start":{"line":166,"column":8},"end":{"line":256,"column":2},"skip":true},"56":{"start":{"line":258,"column":8},"end":{"line":286,"column":9},"skip":true},"57":{"start":{"line":259,"column":12},"end":{"line":269,"column":14},"skip":true},"58":{"start":{"line":271,"column":12},"end":{"line":285,"column":19},"skip":true},"59":{"start":{"line":274,"column":20},"end":{"line":274,"column":35},"skip":true},"60":{"start":{"line":275,"column":20},"end":{"line":284,"column":21},"skip":true},"61":{"start":{"line":277,"column":24},"end":{"line":277,"column":64},"skip":true},"62":{"start":{"line":279,"column":24},"end":{"line":279,"column":40},"skip":true},"63":{"start":{"line":281,"column":24},"end":{"line":281,"column":40},"skip":true},"64":{"start":{"line":283,"column":24},"end":{"line":283,"column":39},"skip":true},"65":{"start":{"line":288,"column":8},"end":{"line":290,"column":9},"skip":true},"66":{"start":{"line":289,"column":12},"end":{"line":289,"column":18},"skip":true},"67":{"start":{"line":291,"column":8},"end":{"line":293,"column":54},"skip":true},"68":{"start":{"line":296,"column":8},"end":{"line":301,"column":37},"skip":true},"69":{"start":{"line":303,"column":8},"end":{"line":303,"column":82},"skip":true},"70":{"start":{"line":306,"column":8},"end":{"line":308,"column":9},"skip":true},"71":{"start":{"line":307,"column":12},"end":{"line":307,"column":82},"skip":true},"72":{"start":{"line":310,"column":8},"end":{"line":312,"column":9},"skip":true},"73":{"start":{"line":311,"column":12},"end":{"line":311,"column":18},"skip":true},"74":{"start":{"line":313,"column":8},"end":{"line":313,"column":54},"skip":true},"75":{"start":{"line":314,"column":8},"end":{"line":314,"column":69},"skip":true},"76":{"start":{"line":315,"column":8},"end":{"line":323,"column":36},"skip":true},"77":{"start":{"line":316,"column":12},"end":{"line":316,"column":61},"skip":true},"78":{"start":{"line":317,"column":12},"end":{"line":320,"column":13},"skip":true},"79":{"start":{"line":318,"column":16},"end":{"line":318,"column":75},"skip":true},"80":{"start":{"line":319,"column":16},"end":{"line":319,"column":23},"skip":true},"81":{"start":{"line":321,"column":12},"end":{"line":321,"column":38},"skip":true},"82":{"start":{"line":322,"column":12},"end":{"line":322,"column":27},"skip":true},"83":{"start":{"line":324,"column":8},"end":{"line":324,"column":14},"skip":true}},"branchMap":{"1":{"line":39,"type":"binary-expr","locations":[{"start":{"line":39,"column":23},"end":{"line":39,"column":62}},{"start":{"line":40,"column":20},"end":{"line":40,"column":70}},{"start":{"line":41,"column":20},"end":{"line":41,"column":71}},{"start":{"line":42,"column":20},"end":{"line":42,"column":29}}]},"2":{"line":44,"type":"binary-expr","locations":[{"start":{"line":44,"column":23},"end":{"line":44,"column":37}},{"start":{"line":45,"column":20},"end":{"line":45,"column":61}},{"start":{"line":46,"column":20},"end":{"line":46,"column":70}},{"start":{"line":47,"column":20},"end":{"line":47,"column":26}}]},"3":{"line":51,"type":"cond-expr","locations":[{"start":{"line":52,"column":14},"end":{"line":52,"column":20}},{"start":{"line":53,"column":14},"end":{"line":53,"column":20}}]},"4":{"line":55,"type":"binary-expr","locations":[{"start":{"line":55,"column":16},"end":{"line":55,"column":44}},{"start":{"line":55,"column":49},"end":{"line":57,"column":43}}]},"5":{"line":55,"type":"cond-expr","locations":[{"start":{"line":56,"column":14},"end":{"line":56,"column":59}},{"start":{"line":57,"column":14},"end":{"line":57,"column":43}}]},"6":{"line":61,"type":"switch","locations":[{"start":{"line":68,"column":4},"end":{"line":150,"column":14},"skip":true},{"start":{"line":156,"column":4},"end":{"line":324,"column":14},"skip":true}]},"7":{"line":70,"type":"if","locations":[{"start":{"line":70,"column":12},"end":{"line":70,"column":12},"skip":true},{"start":{"line":70,"column":12},"end":{"line":70,"column":12},"skip":true}]},"8":{"line":70,"type":"binary-expr","locations":[{"start":{"line":70,"column":16},"end":{"line":70,"column":22},"skip":true},{"start":{"line":70,"column":27},"end":{"line":70,"column":32},"skip":true},{"start":{"line":71,"column":20},"end":{"line":71,"column":39},"skip":true},{"start":{"line":72,"column":20},"end":{"line":72,"column":49},"skip":true},{"start":{"line":73,"column":20},"end":{"line":73,"column":58},"skip":true},{"start":{"line":74,"column":20},"end":{"line":74,"column":69},"skip":true}]},"9":{"line":79,"type":"switch","locations":[{"start":{"line":80,"column":20},"end":{"line":80,"column":33},"skip":true},{"start":{"line":81,"column":20},"end":{"line":83,"column":30},"skip":true},{"start":{"line":84,"column":20},"end":{"line":85,"column":49},"skip":true}]},"10":{"line":89,"type":"switch","locations":[{"start":{"line":90,"column":12},"end":{"line":103,"column":22},"skip":true},{"start":{"line":105,"column":12},"end":{"line":106,"column":22},"skip":true}]},"11":{"line":89,"type":"binary-expr","locations":[{"start":{"line":89,"column":20},"end":{"line":89,"column":25},"skip":true},{"start":{"line":89,"column":29},"end":{"line":89,"column":48},"skip":true},{"start":{"line":89,"column":52},"end":{"line":89,"column":74},"skip":true}]},"12":{"line":92,"type":"if","locations":[{"start":{"line":92,"column":16},"end":{"line":92,"column":16},"skip":true},{"start":{"line":92,"column":16},"end":{"line":92,"column":16},"skip":true}]},"13":{"line":108,"type":"if","locations":[{"start":{"line":108,"column":12},"end":{"line":108,"column":12},"skip":true},{"start":{"line":108,"column":12},"end":{"line":108,"column":12},"skip":true}]},"14":{"line":108,"type":"binary-expr","locations":[{"start":{"line":108,"column":16},"end":{"line":108,"column":61},"skip":true},{"start":{"line":108,"column":66},"end":{"line":108,"column":72},"skip":true},{"start":{"line":108,"column":77},"end":{"line":108,"column":82},"skip":true},{"start":{"line":109,"column":20},"end":{"line":109,"column":39},"skip":true},{"start":{"line":110,"column":20},"end":{"line":110,"column":49},"skip":true},{"start":{"line":111,"column":20},"end":{"line":111,"column":58},"skip":true},{"start":{"line":112,"column":20},"end":{"line":112,"column":68},"skip":true}]},"15":{"line":129,"type":"if","locations":[{"start":{"line":129,"column":16},"end":{"line":129,"column":16},"skip":true},{"start":{"line":129,"column":16},"end":{"line":129,"column":16},"skip":true}]},"16":{"line":134,"type":"cond-expr","locations":[{"start":{"line":135,"column":26},"end":{"line":135,"column":29},"skip":true},{"start":{"line":136,"column":26},"end":{"line":136,"column":54},"skip":true}]},"17":{"line":164,"type":"binary-expr","locations":[{"start":{"line":164,"column":27},"end":{"line":164,"column":43},"skip":true},{"start":{"line":164,"column":47},"end":{"line":164,"column":49},"skip":true}]},"18":{"line":258,"type":"if","locations":[{"start":{"line":258,"column":8},"end":{"line":258,"column":8},"skip":true},{"start":{"line":258,"column":8},"end":{"line":258,"column":8},"skip":true}]},"19":{"line":275,"type":"switch","locations":[{"start":{"line":276,"column":20},"end":{"line":277,"column":64},"skip":true},{"start":{"line":278,"column":20},"end":{"line":279,"column":40},"skip":true},{"start":{"line":280,"column":20},"end":{"line":281,"column":40},"skip":true},{"start":{"line":282,"column":20},"end":{"line":283,"column":39},"skip":true}]},"20":{"line":288,"type":"if","locations":[{"start":{"line":288,"column":8},"end":{"line":288,"column":8},"skip":true},{"start":{"line":288,"column":8},"end":{"line":288,"column":8},"skip":true}]},"21":{"line":288,"type":"binary-expr","locations":[{"start":{"line":288,"column":12},"end":{"line":288,"column":40},"skip":true},{"start":{"line":288,"column":44},"end":{"line":288,"column":67},"skip":true}]},"22":{"line":292,"type":"binary-expr","locations":[{"start":{"line":292,"column":12},"end":{"line":292,"column":50},"skip":true},{"start":{"line":293,"column":12},"end":{"line":293,"column":53},"skip":true}]},"23":{"line":297,"type":"binary-expr","locations":[{"start":{"line":297,"column":12},"end":{"line":297,"column":73},"skip":true},{"start":{"line":298,"column":12},"end":{"line":301,"column":36},"skip":true}]},"24":{"line":303,"type":"binary-expr","locations":[{"start":{"line":303,"column":43},"end":{"line":303,"column":75},"skip":true},{"start":{"line":303,"column":79},"end":{"line":303,"column":81},"skip":true}]},"25":{"line":306,"type":"if","locations":[{"start":{"line":306,"column":8},"end":{"line":306,"column":8},"skip":true},{"start":{"line":306,"column":8},"end":{"line":306,"column":8},"skip":true}]},"26":{"line":310,"type":"if","locations":[{"start":{"line":310,"column":8},"end":{"line":310,"column":8},"skip":true},{"start":{"line":310,"column":8},"end":{"line":310,"column":8},"skip":true}]},"27":{"line":313,"type":"binary-expr","locations":[{"start":{"line":313,"column":27},"end":{"line":313,"column":43},"skip":true},{"start":{"line":313,"column":47},"end":{"line":313,"column":53},"skip":true}]},"28":{"line":317,"type":"if","locations":[{"start":{"line":317,"column":12},"end":{"line":317,"column":12},"skip":true},{"start":{"line":317,"column":12},"end":{"line":317,"column":12},"skip":true}]}},"code":["/*","example.js","","quickstart example","","instruction","    1. save this script as example.js","    2. run the shell command:","        $ npm install npmtest-postcss-pxtorem && PORT=8081 node example.js","    3. play with the browser-demo on http://127.0.0.1:8081","*/","","","","/* istanbul instrument in package npmtest_postcss_pxtorem */","/*jslint","    bitwise: true,","    browser: true,","    maxerr: 8,","    maxlen: 96,","    node: true,","    nomen: true,","    regexp: true,","    stupid: true","*/","(function () {","    'use strict';","    var local;","","","","    // run shared js-env code - pre-init","    (function () {","        // init local","        local = {};","        // init modeJs","        local.modeJs = (function () {","            try {","                return typeof navigator.userAgent === 'string' &&","                    typeof document.querySelector('body') === 'object' &&","                    typeof XMLHttpRequest.prototype.open === 'function' &&","                    'browser';","            } catch (errorCaughtBrowser) {","                return module.exports &&","                    typeof process.versions.node === 'string' &&","                    typeof require('http').createServer === 'function' &&","                    'node';","            }","        }());","        // init global","        local.global = local.modeJs === 'browser'","            ? window","            : global;","        // init utility2_rollup","        local = local.global.utility2_rollup || (local.modeJs === 'browser'","            ? local.global.utility2_npmtest_postcss_pxtorem","            : global.utility2_moduleExports);","        // export local","        local.global.local = local;","    }());","    switch (local.modeJs) {","","","","    // post-init","    // run browser js-env code - post-init","    /* istanbul ignore next */","    case 'browser':","        local.testRunBrowser = function (event) {","            if (!event || (event &&","                    event.currentTarget &&","                    event.currentTarget.className &&","                    event.currentTarget.className.includes &&","                    event.currentTarget.className.includes('onreset'))) {","                // reset output","                Array.from(","                    document.querySelectorAll('body > .resettable')","                ).forEach(function (element) {","                    switch (element.tagName) {","                    case 'INPUT':","                    case 'TEXTAREA':","                        element.value = '';","                        break;","                    default:","                        element.textContent = '';","                    }","                });","            }","            switch (event && event.currentTarget && event.currentTarget.id) {","            case 'testRunButton1':","                // show tests","                if (document.querySelector('#testReportDiv1').style.display === 'none') {","                    document.querySelector('#testReportDiv1').style.display = 'block';","                    document.querySelector('#testRunButton1').textContent =","                        'hide internal test';","                    local.modeTest = true;","                    local.testRunDefault(local);","                // hide tests","                } else {","                    document.querySelector('#testReportDiv1').style.display = 'none';","                    document.querySelector('#testRunButton1').textContent = 'run internal test';","                }","                break;","            // custom-case","            default:","                break;","            }","            if (document.querySelector('#inputTextareaEval1') && (!event || (event &&","                    event.currentTarget &&","                    event.currentTarget.className &&","                    event.currentTarget.className.includes &&","                    event.currentTarget.className.includes('oneval')))) {","                // try to eval input-code","                try {","                    /*jslint evil: true*/","                    eval(document.querySelector('#inputTextareaEval1').value);","                } catch (errorCaught) {","                    console.error(errorCaught);","                }","            }","        };","        // log stderr and stdout to #outputTextareaStdout1","        ['error', 'log'].forEach(function (key) {","            console[key + '_original'] = console[key];","            console[key] = function () {","                var element;","                console[key + '_original'].apply(console, arguments);","                element = document.querySelector('#outputTextareaStdout1');","                if (!element) {","                    return;","                }","                // append text to #outputTextareaStdout1","                element.value += Array.from(arguments).map(function (arg) {","                    return typeof arg === 'string'","                        ? arg","                        : JSON.stringify(arg, null, 4);","                }).join(' ') + '\\n';","                // scroll textarea to bottom","                element.scrollTop = element.scrollHeight;","            };","        });","        // init event-handling","        ['change', 'click', 'keyup'].forEach(function (event) {","            Array.from(document.querySelectorAll('.on' + event)).forEach(function (element) {","                element.addEventListener(event, local.testRunBrowser);","            });","        });","        // run tests","        local.testRunBrowser();","        break;","","","","    // run node js-env code - post-init","    /* istanbul ignore next */","    case 'node':","        // export local","        module.exports = local;","        // require modules","        local.fs = require('fs');","        local.http = require('http');","        local.url = require('url');","        // init assets","        local.assetsDict = local.assetsDict || {};","        /* jslint-ignore-begin */","        local.assetsDict['/assets.index.template.html'] = '\\","<!doctype html>\\n\\","<html lang=\"en\">\\n\\","<head>\\n\\","<meta charset=\"UTF-8\">\\n\\","<meta name=\"viewport\" content=\"width=device-width, initial-scale=1\">\\n\\","<title>{{env.npm_package_name}} (v{{env.npm_package_version}})</title>\\n\\","<style>\\n\\","/*csslint\\n\\","    box-sizing: false,\\n\\","    universal-selector: false\\n\\","*/\\n\\","* {\\n\\","    box-sizing: border-box;\\n\\","}\\n\\","body {\\n\\","    background: #dde;\\n\\","    font-family: Arial, Helvetica, sans-serif;\\n\\","    margin: 2rem;\\n\\","}\\n\\","body > * {\\n\\","    margin-bottom: 1rem;\\n\\","}\\n\\",".utility2FooterDiv {\\n\\","    margin-top: 20px;\\n\\","    text-align: center;\\n\\","}\\n\\","</style>\\n\\","<style>\\n\\","/*csslint\\n\\","*/\\n\\","textarea {\\n\\","    font-family: monospace;\\n\\","    height: 10rem;\\n\\","    width: 100%;\\n\\","}\\n\\","textarea[readonly] {\\n\\","    background: #ddd;\\n\\","}\\n\\","</style>\\n\\","</head>\\n\\","<body>\\n\\","<!-- utility2-comment\\n\\","<div id=\"ajaxProgressDiv1\" style=\"background: #d00; height: 2px; left: 0; margin: 0; padding: 0; position: fixed; top: 0; transition: background 0.5s, width 1.5s; width: 25%;\"></div>\\n\\","utility2-comment -->\\n\\","<h1>\\n\\","<!-- utility2-comment\\n\\","    <a\\n\\","        {{#if env.npm_package_homepage}}\\n\\","        href=\"{{env.npm_package_homepage}}\"\\n\\","        {{/if env.npm_package_homepage}}\\n\\","        target=\"_blank\"\\n\\","    >\\n\\","utility2-comment -->\\n\\","        {{env.npm_package_name}} (v{{env.npm_package_version}})\\n\\","<!-- utility2-comment\\n\\","    </a>\\n\\","utility2-comment -->\\n\\","</h1>\\n\\","<h3>{{env.npm_package_description}}</h3>\\n\\","<!-- utility2-comment\\n\\","<h4><a download href=\"assets.app.js\">download standalone app</a></h4>\\n\\","<button class=\"onclick onreset\" id=\"testRunButton1\">run internal test</button><br>\\n\\","<div id=\"testReportDiv1\" style=\"display: none;\"></div>\\n\\","utility2-comment -->\\n\\","\\n\\","\\n\\","\\n\\","<label>stderr and stdout</label>\\n\\","<textarea class=\"resettable\" id=\"outputTextareaStdout1\" readonly></textarea>\\n\\","<!-- utility2-comment\\n\\","{{#if isRollup}}\\n\\","<script src=\"assets.app.js\"></script>\\n\\","{{#unless isRollup}}\\n\\","utility2-comment -->\\n\\","<script src=\"assets.utility2.rollup.js\"></script>\\n\\","<script src=\"jsonp.utility2._stateInit?callback=window.utility2._stateInit\"></script>\\n\\","<script src=\"assets.npmtest_postcss_pxtorem.rollup.js\"></script>\\n\\","<script src=\"assets.example.js\"></script>\\n\\","<script src=\"assets.test.js\"></script>\\n\\","<!-- utility2-comment\\n\\","{{/if isRollup}}\\n\\","utility2-comment -->\\n\\","<div class=\"utility2FooterDiv\">\\n\\","    [ this app was created with\\n\\","    <a href=\"https://github.com/kaizhu256/node-utility2\" target=\"_blank\">utility2</a>\\n\\","    ]\\n\\","</div>\\n\\","</body>\\n\\","</html>\\n\\","';","        /* jslint-ignore-end */","        if (local.templateRender) {","            local.assetsDict['/'] = local.templateRender(","                local.assetsDict['/assets.index.template.html'],","                {","                    env: local.objectSetDefault(local.env, {","                        npm_package_description: 'the greatest app in the world!',","                        npm_package_name: 'my-app',","                        npm_package_nameAlias: 'my_app',","                        npm_package_version: '0.0.1'","                    })","                }","            );","        } else {","            local.assetsDict['/'] = local.assetsDict['/assets.index.template.html']","                .replace((/\\{\\{env\\.(\\w+?)\\}\\}/g), function (match0, match1) {","                    // jslint-hack","                    String(match0);","                    switch (match1) {","                    case 'npm_package_description':","                        return 'the greatest app in the world!';","                    case 'npm_package_name':","                        return 'my-app';","                    case 'npm_package_nameAlias':","                        return 'my_app';","                    case 'npm_package_version':","                        return '0.0.1';","                    }","                });","        }","        // run the cli","        if (local.global.utility2_rollup || module !== require.main) {","            break;","        }","        local.assetsDict['/assets.example.js'] =","            local.assetsDict['/assets.example.js'] ||","            local.fs.readFileSync(__filename, 'utf8');","        // bug-workaround - long $npm_package_buildCustomOrg","        /* jslint-ignore-begin */","        local.assetsDict['/assets.npmtest_postcss_pxtorem.rollup.js'] =","            local.assetsDict['/assets.npmtest_postcss_pxtorem.rollup.js'] ||","            local.fs.readFileSync(","                local.npmtest_postcss_pxtorem.__dirname + '/lib.npmtest_postcss_pxtorem.js',","                'utf8'","            ).replace((/^#!/), '//');","        /* jslint-ignore-end */","        local.assetsDict['/favicon.ico'] = local.assetsDict['/favicon.ico'] || '';","        // if $npm_config_timeout_exit exists,","        // then exit this process after $npm_config_timeout_exit ms","        if (Number(process.env.npm_config_timeout_exit)) {","            setTimeout(process.exit, Number(process.env.npm_config_timeout_exit));","        }","        // start server","        if (local.global.utility2_serverHttp1) {","            break;","        }","        process.env.PORT = process.env.PORT || '8081';","        console.error('server starting on port ' + process.env.PORT);","        local.http.createServer(function (request, response) {","            request.urlParsed = local.url.parse(request.url);","            if (local.assetsDict[request.urlParsed.pathname] !== undefined) {","                response.end(local.assetsDict[request.urlParsed.pathname]);","                return;","            }","            response.statusCode = 404;","            response.end();","        }).listen(process.env.PORT);","        break;","    }","}());",""],"l":{"26":2,"28":2,"33":2,"35":2,"37":2,"38":2,"39":2,"44":1,"51":2,"55":2,"59":2,"61":2,"69":1,"70":2,"76":2,"79":2,"82":2,"83":2,"85":1,"89":2,"92":1,"93":1,"94":1,"96":1,"97":1,"100":1,"101":1,"103":1,"106":1,"108":2,"114":1,"116":1,"118":1,"123":1,"124":2,"125":2,"126":3,"127":3,"128":3,"129":3,"130":1,"133":3,"134":3,"139":3,"143":1,"144":3,"145":1,"149":1,"150":1,"158":1,"160":1,"161":1,"162":1,"164":1,"166":1,"258":1,"259":1,"271":1,"274":6,"275":6,"277":1,"279":2,"281":1,"283":2,"288":1,"289":1,"291":1,"296":1,"303":1,"306":1,"307":1,"310":1,"311":1,"313":1,"314":1,"315":1,"316":1,"317":1,"318":1,"319":1,"321":1,"322":1,"324":1}},"/home/travis/build/npmtest/node-npmtest-postcss-pxtorem/node_modules/postcss-pxtorem/index.js":{"path":"/home/travis/build/npmtest/node-npmtest-postcss-pxtorem/node_modules/postcss-pxtorem/index.js","s":{"1":1,"2":1,"3":1,"4":1,"5":1,"6":1,"7":1,"8":0,"9":0,"10":0,"11":0,"12":0,"13":0,"14":0,"15":0,"16":0,"17":0,"18":0,"19":0,"20":0,"21":0,"22":0,"23":0,"24":0,"25":0,"26":0,"27":0,"28":0,"29":0,"30":0,"31":1,"32":0,"33":0,"34":0,"35":0,"36":0,"37":0,"38":0,"39":0,"40":0,"41":0,"42":1,"43":0,"44":0,"45":0,"46":0,"47":0,"48":0,"49":0,"50":0,"51":1,"52":0,"53":0,"54":1,"55":0,"56":0,"57":1,"58":0,"59":0,"60":0,"61":0,"62":0,"63":0,"64":1,"65":0,"66":0,"67":0,"68":0,"69":0,"70":0,"71":0,"72":0,"73":0,"74":0,"75":0,"76":0,"77":0},"b":{"1":[0,0],"2":[0,0],"3":[0,0],"4":[0,0],"5":[0,0],"6":[0,0],"7":[0,0],"8":[0,0],"9":[0,0],"10":[0,0,0,0,0],"11":[0,0],"12":[0,0],"13":[0,0],"14":[0,0],"15":[0,0],"16":[0,0],"17":[0,0],"18":[0,0],"19":[0,0],"20":[0,0,0,0,0,0],"21":[0,0,0,0]},"f":{"1":0,"2":0,"3":0,"4":0,"5":0,"6":0,"7":0,"8":0,"9":0,"10":0,"11":0,"12":0,"13":0,"14":0,"15":0,"16":0,"17":0,"18":0,"19":0,"20":0,"21":0},"fnMap":{"1":{"name":"(anonymous_1)","line":27,"loc":{"start":{"line":27,"column":51},"end":{"line":27,"column":70}}},"2":{"name":"(anonymous_2)","line":36,"loc":{"start":{"line":36,"column":11},"end":{"line":36,"column":26}}},"3":{"name":"(anonymous_3)","line":38,"loc":{"start":{"line":38,"column":22},"end":{"line":38,"column":41}}},"4":{"name":"(anonymous_4)","line":59,"loc":{"start":{"line":59,"column":37},"end":{"line":59,"column":53}}},"5":{"name":"convertLegacyOptions","line":68,"loc":{"start":{"line":68,"column":0},"end":{"line":68,"column":39}}},"6":{"name":"(anonymous_6)","line":81,"loc":{"start":{"line":81,"column":39},"end":{"line":81,"column":54}}},"7":{"name":"createPxReplace","line":89,"loc":{"start":{"line":89,"column":0},"end":{"line":89,"column":67}}},"8":{"name":"(anonymous_8)","line":90,"loc":{"start":{"line":90,"column":11},"end":{"line":90,"column":28}}},"9":{"name":"toFixed","line":99,"loc":{"start":{"line":99,"column":0},"end":{"line":99,"column":36}}},"10":{"name":"declarationExists","line":105,"loc":{"start":{"line":105,"column":0},"end":{"line":105,"column":47}}},"11":{"name":"(anonymous_11)","line":106,"loc":{"start":{"line":106,"column":22},"end":{"line":106,"column":38}}},"12":{"name":"blacklistedSelector","line":111,"loc":{"start":{"line":111,"column":0},"end":{"line":111,"column":50}}},"13":{"name":"(anonymous_13)","line":113,"loc":{"start":{"line":113,"column":26},"end":{"line":113,"column":43}}},"14":{"name":"createPropListMatcher","line":119,"loc":{"start":{"line":119,"column":0},"end":{"line":119,"column":41}}},"15":{"name":"(anonymous_15)","line":132,"loc":{"start":{"line":132,"column":11},"end":{"line":132,"column":27}}},"16":{"name":"(anonymous_16)","line":138,"loc":{"start":{"line":138,"column":35},"end":{"line":138,"column":48}}},"17":{"name":"(anonymous_17)","line":141,"loc":{"start":{"line":141,"column":37},"end":{"line":141,"column":50}}},"18":{"name":"(anonymous_18)","line":144,"loc":{"start":{"line":144,"column":35},"end":{"line":144,"column":48}}},"19":{"name":"(anonymous_19)","line":150,"loc":{"start":{"line":150,"column":38},"end":{"line":150,"column":51}}},"20":{"name":"(anonymous_20)","line":153,"loc":{"start":{"line":153,"column":40},"end":{"line":153,"column":53}}},"21":{"name":"(anonymous_21)","line":156,"loc":{"start":{"line":156,"column":38},"end":{"line":156,"column":51}}}},"statementMap":{"1":{"start":{"line":3,"column":0},"end":{"line":3,"column":33}},"2":{"start":{"line":4,"column":0},"end":{"line":4,"column":44}},"3":{"start":{"line":5,"column":0},"end":{"line":5,"column":48}},"4":{"start":{"line":6,"column":0},"end":{"line":6,"column":55}},"5":{"start":{"line":8,"column":0},"end":{"line":16,"column":2}},"6":{"start":{"line":18,"column":0},"end":{"line":25,"column":2}},"7":{"start":{"line":27,"column":0},"end":{"line":66,"column":3}},"8":{"start":{"line":29,"column":4},"end":{"line":29,"column":34}},"9":{"start":{"line":31,"column":4},"end":{"line":31,"column":51}},"10":{"start":{"line":32,"column":4},"end":{"line":32,"column":92}},"11":{"start":{"line":34,"column":4},"end":{"line":34,"column":63}},"12":{"start":{"line":36,"column":4},"end":{"line":65,"column":6}},"13":{"start":{"line":38,"column":8},"end":{"line":56,"column":11}},"14":{"start":{"line":40,"column":12},"end":{"line":40,"column":56}},"15":{"start":{"line":40,"column":49},"end":{"line":40,"column":56}},"16":{"start":{"line":42,"column":12},"end":{"line":42,"column":52}},"17":{"start":{"line":42,"column":45},"end":{"line":42,"column":52}},"18":{"start":{"line":44,"column":12},"end":{"line":44,"column":90}},"19":{"start":{"line":44,"column":83},"end":{"line":44,"column":90}},"20":{"start":{"line":46,"column":12},"end":{"line":46,"column":63}},"21":{"start":{"line":49,"column":12},"end":{"line":49,"column":73}},"22":{"start":{"line":49,"column":66},"end":{"line":49,"column":73}},"23":{"start":{"line":51,"column":12},"end":{"line":55,"column":13}},"24":{"start":{"line":52,"column":16},"end":{"line":52,"column":35}},"25":{"start":{"line":54,"column":16},"end":{"line":54,"column":73}},"26":{"start":{"line":58,"column":8},"end":{"line":63,"column":9}},"27":{"start":{"line":59,"column":12},"end":{"line":62,"column":15}},"28":{"start":{"line":60,"column":16},"end":{"line":60,"column":61}},"29":{"start":{"line":60,"column":54},"end":{"line":60,"column":61}},"30":{"start":{"line":61,"column":16},"end":{"line":61,"column":70}},"31":{"start":{"line":68,"column":0},"end":{"line":87,"column":1}},"32":{"start":{"line":69,"column":4},"end":{"line":69,"column":44}},"33":{"start":{"line":69,"column":37},"end":{"line":69,"column":44}},"34":{"start":{"line":70,"column":4},"end":{"line":80,"column":5}},"35":{"start":{"line":77,"column":8},"end":{"line":77,"column":33}},"36":{"start":{"line":78,"column":8},"end":{"line":78,"column":42}},"37":{"start":{"line":79,"column":8},"end":{"line":79,"column":37}},"38":{"start":{"line":81,"column":4},"end":{"line":86,"column":7}},"39":{"start":{"line":82,"column":8},"end":{"line":85,"column":9}},"40":{"start":{"line":83,"column":12},"end":{"line":83,"column":55}},"41":{"start":{"line":84,"column":12},"end":{"line":84,"column":32}},"42":{"start":{"line":89,"column":0},"end":{"line":97,"column":1}},"43":{"start":{"line":90,"column":4},"end":{"line":96,"column":6}},"44":{"start":{"line":91,"column":8},"end":{"line":91,"column":26}},"45":{"start":{"line":91,"column":17},"end":{"line":91,"column":26}},"46":{"start":{"line":92,"column":8},"end":{"line":92,"column":36}},"47":{"start":{"line":93,"column":8},"end":{"line":93,"column":45}},"48":{"start":{"line":93,"column":36},"end":{"line":93,"column":45}},"49":{"start":{"line":94,"column":8},"end":{"line":94,"column":68}},"50":{"start":{"line":95,"column":8},"end":{"line":95,"column":57}},"51":{"start":{"line":99,"column":0},"end":{"line":103,"column":1}},"52":{"start":{"line":100,"column":4},"end":{"line":101,"column":50}},"53":{"start":{"line":102,"column":4},"end":{"line":102,"column":58}},"54":{"start":{"line":105,"column":0},"end":{"line":109,"column":1}},"55":{"start":{"line":106,"column":4},"end":{"line":108,"column":7}},"56":{"start":{"line":107,"column":8},"end":{"line":107,"column":60}},"57":{"start":{"line":111,"column":0},"end":{"line":117,"column":1}},"58":{"start":{"line":112,"column":4},"end":{"line":112,"column":45}},"59":{"start":{"line":112,"column":38},"end":{"line":112,"column":45}},"60":{"start":{"line":113,"column":4},"end":{"line":116,"column":7}},"61":{"start":{"line":114,"column":8},"end":{"line":114,"column":77}},"62":{"start":{"line":114,"column":39},"end":{"line":114,"column":77}},"63":{"start":{"line":115,"column":8},"end":{"line":115,"column":37}},"64":{"start":{"line":119,"column":0},"end":{"line":162,"column":1}},"65":{"start":{"line":120,"column":4},"end":{"line":120,"column":45}},"66":{"start":{"line":121,"column":4},"end":{"line":121,"column":54}},"67":{"start":{"line":122,"column":4},"end":{"line":131,"column":6}},"68":{"start":{"line":132,"column":4},"end":{"line":161,"column":6}},"69":{"start":{"line":133,"column":8},"end":{"line":133,"column":34}},"70":{"start":{"line":133,"column":22},"end":{"line":133,"column":34}},"71":{"start":{"line":134,"column":8},"end":{"line":160,"column":10}},"72":{"start":{"line":139,"column":20},"end":{"line":139,"column":48}},"73":{"start":{"line":142,"column":20},"end":{"line":142,"column":49}},"74":{"start":{"line":145,"column":20},"end":{"line":145,"column":70}},"75":{"start":{"line":151,"column":20},"end":{"line":151,"column":48}},"76":{"start":{"line":154,"column":20},"end":{"line":154,"column":49}},"77":{"start":{"line":157,"column":20},"end":{"line":157,"column":70}}},"branchMap":{"1":{"line":40,"type":"if","locations":[{"start":{"line":40,"column":12},"end":{"line":40,"column":12}},{"start":{"line":40,"column":12},"end":{"line":40,"column":12}}]},"2":{"line":42,"type":"if","locations":[{"start":{"line":42,"column":12},"end":{"line":42,"column":12}},{"start":{"line":42,"column":12},"end":{"line":42,"column":12}}]},"3":{"line":44,"type":"if","locations":[{"start":{"line":44,"column":12},"end":{"line":44,"column":12}},{"start":{"line":44,"column":12},"end":{"line":44,"column":12}}]},"4":{"line":49,"type":"if","locations":[{"start":{"line":49,"column":12},"end":{"line":49,"column":12}},{"start":{"line":49,"column":12},"end":{"line":49,"column":12}}]},"5":{"line":51,"type":"if","locations":[{"start":{"line":51,"column":12},"end":{"line":51,"column":12}},{"start":{"line":51,"column":12},"end":{"line":51,"column":12}}]},"6":{"line":58,"type":"if","locations":[{"start":{"line":58,"column":8},"end":{"line":58,"column":8}},{"start":{"line":58,"column":8},"end":{"line":58,"column":8}}]},"7":{"line":60,"type":"if","locations":[{"start":{"line":60,"column":16},"end":{"line":60,"column":16}},{"start":{"line":60,"column":16},"end":{"line":60,"column":16}}]},"8":{"line":69,"type":"if","locations":[{"start":{"line":69,"column":4},"end":{"line":69,"column":4}},{"start":{"line":69,"column":4},"end":{"line":69,"column":4}}]},"9":{"line":70,"type":"if","locations":[{"start":{"line":70,"column":4},"end":{"line":70,"column":4}},{"start":{"line":70,"column":4},"end":{"line":70,"column":4}}]},"10":{"line":71,"type":"binary-expr","locations":[{"start":{"line":72,"column":17},"end":{"line":72,"column":66}},{"start":{"line":72,"column":70},"end":{"line":72,"column":109}},{"start":{"line":73,"column":17},"end":{"line":73,"column":61}},{"start":{"line":73,"column":65},"end":{"line":73,"column":99}},{"start":{"line":75,"column":12},"end":{"line":75,"column":51}}]},"11":{"line":82,"type":"if","locations":[{"start":{"line":82,"column":8},"end":{"line":82,"column":8}},{"start":{"line":82,"column":8},"end":{"line":82,"column":8}}]},"12":{"line":91,"type":"if","locations":[{"start":{"line":91,"column":8},"end":{"line":91,"column":8}},{"start":{"line":91,"column":8},"end":{"line":91,"column":8}}]},"13":{"line":93,"type":"if","locations":[{"start":{"line":93,"column":8},"end":{"line":93,"column":8}},{"start":{"line":93,"column":8},"end":{"line":93,"column":8}}]},"14":{"line":95,"type":"cond-expr","locations":[{"start":{"line":95,"column":34},"end":{"line":95,"column":37}},{"start":{"line":95,"column":40},"end":{"line":95,"column":56}}]},"15":{"line":107,"type":"binary-expr","locations":[{"start":{"line":107,"column":16},"end":{"line":107,"column":34}},{"start":{"line":107,"column":38},"end":{"line":107,"column":58}}]},"16":{"line":112,"type":"if","locations":[{"start":{"line":112,"column":4},"end":{"line":112,"column":4}},{"start":{"line":112,"column":4},"end":{"line":112,"column":4}}]},"17":{"line":114,"type":"if","locations":[{"start":{"line":114,"column":8},"end":{"line":114,"column":8}},{"start":{"line":114,"column":8},"end":{"line":114,"column":8}}]},"18":{"line":121,"type":"binary-expr","locations":[{"start":{"line":121,"column":20},"end":{"line":121,"column":27}},{"start":{"line":121,"column":31},"end":{"line":121,"column":52}}]},"19":{"line":133,"type":"if","locations":[{"start":{"line":133,"column":8},"end":{"line":133,"column":8}},{"start":{"line":133,"column":8},"end":{"line":133,"column":8}}]},"20":{"line":135,"type":"binary-expr","locations":[{"start":{"line":136,"column":16},"end":{"line":136,"column":23}},{"start":{"line":137,"column":16},"end":{"line":137,"column":46}},{"start":{"line":138,"column":16},"end":{"line":140,"column":18}},{"start":{"line":141,"column":16},"end":{"line":143,"column":18}},{"start":{"line":144,"column":16},"end":{"line":146,"column":18}},{"start":{"line":148,"column":12},"end":{"line":159,"column":13}}]},"21":{"line":149,"type":"binary-expr","locations":[{"start":{"line":149,"column":16},"end":{"line":149,"column":49}},{"start":{"line":150,"column":16},"end":{"line":152,"column":18}},{"start":{"line":153,"column":16},"end":{"line":155,"column":18}},{"start":{"line":156,"column":16},"end":{"line":158,"column":18}}]}},"code":["'use strict';","","var postcss = require('postcss');","var objectAssign = require('object-assign');","var pxRegex = require('./lib/pixel-unit-regex');","var filterPropList = require('./lib/filter-prop-list');","","var defaults = {","    rootValue: 16,","    unitPrecision: 5,","    selectorBlackList: [],","    propList: ['font', 'font-size', 'line-height', 'letter-spacing'],","    replace: true,","    mediaQuery: false,","    minPixelValue: 0","};","","var legacyOptions = {","    'root_value': 'rootValue',","    'unit_precision': 'unitPrecision',","    'selector_black_list': 'selectorBlackList',","    'prop_white_list': 'propList',","    'media_query': 'mediaQuery',","    'propWhiteList': 'propList'","};","","module.exports = postcss.plugin('postcss-pxtorem', function (options) {","","    convertLegacyOptions(options);","","    var opts = objectAssign({}, defaults, options);","    var pxReplace = createPxReplace(opts.rootValue, opts.unitPrecision, opts.minPixelValue);","","    var satisfyPropList = createPropListMatcher(opts.propList);","","    return function (css) {","","        css.walkDecls(function (decl, i) {","            // This should be the fastest test and will remove most declarations","            if (decl.value.indexOf('px') === -1) return;","","            if (!satisfyPropList(decl.prop)) return;","","            if (blacklistedSelector(opts.selectorBlackList, decl.parent.selector)) return;","","            var value = decl.value.replace(pxRegex, pxReplace);","","            // if rem unit already exists, do not add or replace","            if (declarationExists(decl.parent, decl.prop, value)) return;","","            if (opts.replace) {","                decl.value = value;","            } else {","                decl.parent.insertAfter(i, decl.clone({ value: value }));","            }","        });","","        if (opts.mediaQuery) {","            css.walkAtRules('media', function (rule) {","                if (rule.params.indexOf('px') === -1) return;","                rule.params = rule.params.replace(pxRegex, pxReplace);","            });","        }","","    };","});","","function convertLegacyOptions(options) {","    if (typeof options !== 'object') return;","    if (","            (","                (typeof options['prop_white_list'] !== 'undefined' && options['prop_white_list'].length === 0) ||","                (typeof options.propWhiteList !== 'undefined' && options.propWhiteList.length === 0)","            ) &&","            typeof options.propList === 'undefined'","        ) {","        options.propList = ['*'];","        delete options['prop_white_list'];","        delete options.propWhiteList;","    }","    Object.keys(legacyOptions).forEach(function (key) {","        if (options.hasOwnProperty(key)) {","            options[legacyOptions[key]] = options[key];","            delete options[key];","        }","    });","}","","function createPxReplace (rootValue, unitPrecision, minPixelValue) {","    return function (m, $1) {","        if (!$1) return m;","        var pixels = parseFloat($1);","        if (pixels < minPixelValue) return m;","        var fixedVal = toFixed((pixels / rootValue), unitPrecision);","        return (fixedVal === 0) ? '0' : fixedVal + 'rem';","    };","}","","function toFixed(number, precision) {","    var multiplier = Math.pow(10, precision + 1),","    wholeNumber = Math.floor(number * multiplier);","    return Math.round(wholeNumber / 10) * 10 / multiplier;","}","","function declarationExists(decls, prop, value) {","    return decls.some(function (decl) {","        return (decl.prop === prop && decl.value === value);","    });","}","","function blacklistedSelector(blacklist, selector) {","    if (typeof selector !== 'string') return;","    return blacklist.some(function (regex) {","        if (typeof regex === 'string') return selector.indexOf(regex) !== -1;","        return selector.match(regex);","    });","}","","function createPropListMatcher(propList) {","    var hasWild = propList.indexOf('*') > -1;","    var matchAll = (hasWild && propList.length === 1);","    var lists = {","        exact: filterPropList.exact(propList),","        contain: filterPropList.contain(propList),","        startWith: filterPropList.startWith(propList),","        endWith: filterPropList.endWith(propList),","        notExact: filterPropList.notExact(propList),","        notContain: filterPropList.notContain(propList),","        notStartWith: filterPropList.notStartWith(propList),","        notEndWith: filterPropList.notEndWith(propList)","    };","    return function (prop) {","        if (matchAll) return true;","        return (","            (","                hasWild ||","                lists.exact.indexOf(prop) > -1 ||","                lists.contain.some(function (m) {","                    return prop.indexOf(m) > -1;","                }) ||","                lists.startWith.some(function (m) {","                    return prop.indexOf(m) === 0;","                }) ||","                lists.endWith.some(function (m) {","                    return prop.indexOf(m) === prop.length - m.length;","                })","            ) &&","            !(","                lists.notExact.indexOf(prop) > -1 ||","                lists.notContain.some(function (m) {","                    return prop.indexOf(m) > -1;","                }) ||","                lists.notStartWith.some(function (m) {","                    return prop.indexOf(m) === 0;","                }) ||","                lists.notEndWith.some(function (m) {","                    return prop.indexOf(m) === prop.length - m.length;","                })","            )","        );","    };","}",""],"l":{"3":1,"4":1,"5":1,"6":1,"8":1,"18":1,"27":1,"29":0,"31":0,"32":0,"34":0,"36":0,"38":0,"40":0,"42":0,"44":0,"46":0,"49":0,"51":0,"52":0,"54":0,"58":0,"59":0,"60":0,"61":0,"68":1,"69":0,"70":0,"77":0,"78":0,"79":0,"81":0,"82":0,"83":0,"84":0,"89":1,"90":0,"91":0,"92":0,"93":0,"94":0,"95":0,"99":1,"100":0,"102":0,"105":1,"106":0,"107":0,"111":1,"112":0,"113":0,"114":0,"115":0,"119":1,"120":0,"121":0,"122":0,"132":0,"133":0,"134":0,"139":0,"142":0,"145":0,"151":0,"154":0,"157":0}},"/home/travis/build/npmtest/node-npmtest-postcss-pxtorem/node_modules/postcss-pxtorem/lib/pixel-unit-regex.js":{"path":"/home/travis/build/npmtest/node-npmtest-postcss-pxtorem/node_modules/postcss-pxtorem/lib/pixel-unit-regex.js","s":{"1":1},"b":{},"f":{},"fnMap":{},"statementMap":{"1":{"start":{"line":9,"column":0},"end":{"line":9,"column":65}}},"branchMap":{},"code":["// excluding regex trick: http://www.rexegg.com/regex-best-trick.html","","// Not anything inside double quotes","// Not anything inside single quotes","// Not anything inside url()","// Any digit followed by px","// !singlequotes|!doublequotes|!url()|pixelunit","","module.exports = /\"[^\"]+\"|'[^']+'|url\\([^\\)]+\\)|(\\d*\\.?\\d+)px/ig;",""],"l":{"9":1}},"/home/travis/build/npmtest/node-npmtest-postcss-pxtorem/node_modules/postcss-pxtorem/lib/filter-prop-list.js":{"path":"/home/travis/build/npmtest/node-npmtest-postcss-pxtorem/node_modules/postcss-pxtorem/lib/filter-prop-list.js","s":{"1":1,"2":0,"3":0,"4":0,"5":0,"6":0,"7":0,"8":0,"9":0,"10":0,"11":0,"12":0,"13":0,"14":0,"15":0,"16":0,"17":0,"18":0,"19":0,"20":0,"21":0,"22":0,"23":0,"24":0},"b":{},"f":{"1":0,"2":0,"3":0,"4":0,"5":0,"6":0,"7":0,"8":0,"9":0,"10":0,"11":0,"12":0,"13":0,"14":0,"15":0,"16":0,"17":0,"18":0,"19":0,"20":0,"21":0,"22":0,"23":0},"fnMap":{"1":{"name":"(anonymous_1)","line":2,"loc":{"start":{"line":2,"column":11},"end":{"line":2,"column":27}}},"2":{"name":"(anonymous_2)","line":3,"loc":{"start":{"line":3,"column":27},"end":{"line":3,"column":40}}},"3":{"name":"(anonymous_3)","line":7,"loc":{"start":{"line":7,"column":13},"end":{"line":7,"column":29}}},"4":{"name":"(anonymous_4)","line":8,"loc":{"start":{"line":8,"column":27},"end":{"line":8,"column":40}}},"5":{"name":"(anonymous_5)","line":10,"loc":{"start":{"line":10,"column":15},"end":{"line":10,"column":28}}},"6":{"name":"(anonymous_6)","line":14,"loc":{"start":{"line":14,"column":13},"end":{"line":14,"column":29}}},"7":{"name":"(anonymous_7)","line":15,"loc":{"start":{"line":15,"column":27},"end":{"line":15,"column":40}}},"8":{"name":"(anonymous_8)","line":17,"loc":{"start":{"line":17,"column":15},"end":{"line":17,"column":28}}},"9":{"name":"(anonymous_9)","line":21,"loc":{"start":{"line":21,"column":15},"end":{"line":21,"column":31}}},"10":{"name":"(anonymous_10)","line":22,"loc":{"start":{"line":22,"column":27},"end":{"line":22,"column":40}}},"11":{"name":"(anonymous_11)","line":24,"loc":{"start":{"line":24,"column":15},"end":{"line":24,"column":28}}},"12":{"name":"(anonymous_12)","line":28,"loc":{"start":{"line":28,"column":14},"end":{"line":28,"column":30}}},"13":{"name":"(anonymous_13)","line":29,"loc":{"start":{"line":29,"column":27},"end":{"line":29,"column":40}}},"14":{"name":"(anonymous_14)","line":31,"loc":{"start":{"line":31,"column":15},"end":{"line":31,"column":28}}},"15":{"name":"(anonymous_15)","line":35,"loc":{"start":{"line":35,"column":16},"end":{"line":35,"column":32}}},"16":{"name":"(anonymous_16)","line":36,"loc":{"start":{"line":36,"column":27},"end":{"line":36,"column":40}}},"17":{"name":"(anonymous_17)","line":38,"loc":{"start":{"line":38,"column":15},"end":{"line":38,"column":28}}},"18":{"name":"(anonymous_18)","line":42,"loc":{"start":{"line":42,"column":16},"end":{"line":42,"column":32}}},"19":{"name":"(anonymous_19)","line":43,"loc":{"start":{"line":43,"column":27},"end":{"line":43,"column":40}}},"20":{"name":"(anonymous_20)","line":45,"loc":{"start":{"line":45,"column":15},"end":{"line":45,"column":28}}},"21":{"name":"(anonymous_21)","line":49,"loc":{"start":{"line":49,"column":18},"end":{"line":49,"column":34}}},"22":{"name":"(anonymous_22)","line":50,"loc":{"start":{"line":50,"column":27},"end":{"line":50,"column":40}}},"23":{"name":"(anonymous_23)","line":52,"loc":{"start":{"line":52,"column":15},"end":{"line":52,"column":28}}}},"statementMap":{"1":{"start":{"line":1,"column":0},"end":{"line":56,"column":2}},"2":{"start":{"line":3,"column":8},"end":{"line":5,"column":11}},"3":{"start":{"line":4,"column":12},"end":{"line":4,"column":41}},"4":{"start":{"line":8,"column":8},"end":{"line":12,"column":11}},"5":{"start":{"line":9,"column":12},"end":{"line":9,"column":39}},"6":{"start":{"line":11,"column":12},"end":{"line":11,"column":45}},"7":{"start":{"line":15,"column":8},"end":{"line":19,"column":11}},"8":{"start":{"line":16,"column":12},"end":{"line":16,"column":41}},"9":{"start":{"line":18,"column":12},"end":{"line":18,"column":31}},"10":{"start":{"line":22,"column":8},"end":{"line":26,"column":11}},"11":{"start":{"line":23,"column":12},"end":{"line":23,"column":43}},"12":{"start":{"line":25,"column":12},"end":{"line":25,"column":45}},"13":{"start":{"line":29,"column":8},"end":{"line":33,"column":11}},"14":{"start":{"line":30,"column":12},"end":{"line":30,"column":42}},"15":{"start":{"line":32,"column":12},"end":{"line":32,"column":31}},"16":{"start":{"line":36,"column":8},"end":{"line":40,"column":11}},"17":{"start":{"line":37,"column":12},"end":{"line":37,"column":41}},"18":{"start":{"line":39,"column":12},"end":{"line":39,"column":45}},"19":{"start":{"line":43,"column":8},"end":{"line":47,"column":11}},"20":{"start":{"line":44,"column":12},"end":{"line":44,"column":43}},"21":{"start":{"line":46,"column":12},"end":{"line":46,"column":31}},"22":{"start":{"line":50,"column":8},"end":{"line":54,"column":11}},"23":{"start":{"line":51,"column":12},"end":{"line":51,"column":43}},"24":{"start":{"line":53,"column":12},"end":{"line":53,"column":45}}},"branchMap":{},"code":["module.exports = {","    exact: function (list) {","        return list.filter(function (m) {","            return m.match(/^[^\\*\\!]+$/);","        });","    },","    contain: function (list) {","        return list.filter(function (m) {","            return m.match(/^\\*.+\\*$/);","        }).map(function (m) {","            return m.substr(1, m.length - 2);","        });","    },","    endWith: function (list) {","        return list.filter(function (m) {","            return m.match(/^\\*[^\\*]+$/);","        }).map(function (m) {","            return m.substr(1);","        });","    },","    startWith: function (list) {","        return list.filter(function (m) {","            return m.match(/^[^\\*\\!]+\\*$/);","        }).map(function (m) {","            return m.substr(0, m.length - 1);","        });","    },","    notExact: function (list) {","        return list.filter(function (m) {","            return m.match(/^\\![^\\*].*$/);","        }).map(function (m) {","            return m.substr(1);","        });","    },","    notContain: function (list) {","        return list.filter(function (m) {","            return m.match(/^\\!\\*.+\\*$/);","        }).map(function (m) {","            return m.substr(2, m.length - 3);","        });","    },","    notEndWith: function (list) {","        return list.filter(function (m) {","            return m.match(/^\\!\\*[^\\*]+$/);","        }).map(function (m) {","            return m.substr(2);","        });","    },","    notStartWith: function (list) {","        return list.filter(function (m) {","            return m.match(/^\\![^\\*]+\\*$/);","        }).map(function (m) {","            return m.substr(1, m.length - 2);","        });","    }","};",""],"l":{"1":1,"3":0,"4":0,"8":0,"9":0,"11":0,"15":0,"16":0,"18":0,"22":0,"23":0,"25":0,"29":0,"30":0,"32":0,"36":0,"37":0,"39":0,"43":0,"44":0,"46":0,"50":0,"51":0,"53":0}},"/home/travis/build/npmtest/node-npmtest-postcss-pxtorem/node_modules/postcss-pxtorem/spec/pxtorem-spec.js":{"path":"/home/travis/build/npmtest/node-npmtest-postcss-pxtorem/node_modules/postcss-pxtorem/spec/pxtorem-spec.js","s":{"1":2,"2":2,"3":2,"4":2,"5":2,"6":0,"7":0,"8":0,"9":0,"10":0,"11":0,"12":0,"13":0,"14":0,"15":0,"16":0,"17":0,"18":0,"19":0,"20":0,"21":0,"22":0,"23":0,"24":0,"25":0,"26":0,"27":0,"28":0,"29":0,"30":0,"31":0,"32":0,"33":0,"34":0,"35":0,"36":0,"37":0,"38":0,"39":0,"40":0,"41":0,"42":0,"43":0,"44":0,"45":0,"46":0,"47":0,"48":0,"49":0,"50":0,"51":0,"52":0,"53":0,"54":0,"55":0,"56":0,"57":0,"58":0,"59":0,"60":0,"61":0,"62":0,"63":0,"64":0,"65":0,"66":0,"67":0,"68":0,"69":0,"70":0,"71":0,"72":0,"73":0,"74":0,"75":0,"76":0,"77":0,"78":0,"79":0,"80":0,"81":0,"82":0,"83":0,"84":0,"85":0,"86":0,"87":0,"88":0,"89":0,"90":0,"91":0,"92":0,"93":0,"94":0,"95":0,"96":0,"97":0,"98":0,"99":0,"100":0,"101":0,"102":0,"103":0,"104":0,"105":0,"106":0,"107":0,"108":0,"109":0,"110":0,"111":0,"112":0,"113":0,"114":0,"115":0,"116":0,"117":0,"118":0,"119":0,"120":0,"121":0,"122":0,"123":0,"124":0,"125":0,"126":0,"127":0,"128":0,"129":0,"130":0,"131":0,"132":0,"133":0,"134":0,"135":0,"136":0,"137":0,"138":0,"139":0,"140":0,"141":0,"142":0,"143":0,"144":0,"145":0,"146":0,"147":0,"148":0,"149":0,"150":0,"151":0,"152":0,"153":0,"154":0,"155":0,"156":0,"157":0,"158":0,"159":0,"160":0,"161":0,"162":0,"163":0,"164":0,"165":0,"166":0,"167":0,"168":0,"169":0,"170":0,"171":0,"172":0,"173":0,"174":0,"175":0,"176":0,"177":0,"178":0,"179":0,"180":0,"181":0,"182":0,"183":0,"184":0,"185":0,"186":0,"187":0,"188":0,"189":0,"190":0,"191":0,"192":0,"193":0,"194":0,"195":0,"196":0,"197":0,"198":0,"199":0,"200":0,"201":0,"202":0},"b":{},"f":{"1":0,"2":0,"3":0,"4":0,"5":0,"6":0,"7":0,"8":0,"9":0,"10":0,"11":0,"12":0,"13":0,"14":0,"15":0,"16":0,"17":0,"18":0,"19":0,"20":0,"21":0,"22":0,"23":0,"24":0,"25":0,"26":0,"27":0,"28":0,"29":0,"30":0,"31":0,"32":0,"33":0,"34":0,"35":0,"36":0,"37":0,"38":0,"39":0,"40":0,"41":0,"42":0,"43":0,"44":0,"45":0,"46":0,"47":0},"fnMap":{"1":{"name":"(anonymous_1)","line":14,"loc":{"start":{"line":14,"column":20},"end":{"line":14,"column":32}}},"2":{"name":"(anonymous_2)","line":15,"loc":{"start":{"line":15,"column":44},"end":{"line":15,"column":56}}},"3":{"name":"(anonymous_3)","line":23,"loc":{"start":{"line":23,"column":46},"end":{"line":23,"column":58}}},"4":{"name":"(anonymous_4)","line":30,"loc":{"start":{"line":30,"column":42},"end":{"line":30,"column":54}}},"5":{"name":"(anonymous_5)","line":37,"loc":{"start":{"line":37,"column":75},"end":{"line":37,"column":87}}},"6":{"name":"(anonymous_6)","line":48,"loc":{"start":{"line":48,"column":66},"end":{"line":48,"column":78}}},"7":{"name":"(anonymous_7)","line":59,"loc":{"start":{"line":59,"column":55},"end":{"line":59,"column":67}}},"8":{"name":"(anonymous_8)","line":66,"loc":{"start":{"line":66,"column":38},"end":{"line":66,"column":50}}},"9":{"name":"(anonymous_9)","line":74,"loc":{"start":{"line":74,"column":26},"end":{"line":74,"column":38}}},"10":{"name":"(anonymous_10)","line":75,"loc":{"start":{"line":75,"column":79},"end":{"line":75,"column":91}}},"11":{"name":"(anonymous_1
[...]
41}},"158":{"start":{"line":304,"column":4},"end":{"line":312,"column":7}},"159":{"start":{"line":305,"column":8},"end":{"line":307,"column":10}},"160":{"start":{"line":308,"column":8},"end":{"line":308,"column":121}},"161":{"start":{"line":309,"column":8},"end":{"line":309,"column":84}},"162":{"start":{"line":311,"column":8},"end":{"line":311,"column":41}},"163":{"start":{"line":315,"column":0},"end":{"line":327,"column":3}},"164":{"start":{"line":316,"column":4},"end":{"line":326,"column":7}},"165":{"start":{"line":317,"column":8},"end":{"line":320,"column":10}},"166":{"start":{"line":321,"column":8},"end":{"line":321,"column":91}},"167":{"start":{"line":322,"column":8},"end":{"line":322,"column":98}},"168":{"start":{"line":323,"column":8},"end":{"line":323,"column":69}},"169":{"start":{"line":325,"column":8},"end":{"line":325,"column":41}},"170":{"start":{"line":329,"column":0},"end":{"line":377,"column":3}},"171":{"start":{"line":330,"column":4},"end":{"line":334,"column":7}},"172":{"start":{"line":331,"column":8},"end":{"line":331,"column":93}},"173":{"start":{"line":332,"column":8},"end":{"line":332,"column":42}},"174":{"start":{"line":333,"column":8},"end":{"line":333,"column":69}},"175":{"start":{"line":336,"column":4},"end":{"line":340,"column":7}},"176":{"start":{"line":337,"column":8},"end":{"line":337,"column":95}},"177":{"start":{"line":338,"column":8},"end":{"line":338,"column":39}},"178":{"start":{"line":339,"column":8},"end":{"line":339,"column":71}},"179":{"start":{"line":342,"column":4},"end":{"line":346,"column":7}},"180":{"start":{"line":343,"column":8},"end":{"line":343,"column":94}},"181":{"start":{"line":344,"column":8},"end":{"line":344,"column":32}},"182":{"start":{"line":345,"column":8},"end":{"line":345,"column":73}},"183":{"start":{"line":348,"column":4},"end":{"line":352,"column":7}},"184":{"start":{"line":349,"column":8},"end":{"line":349,"column":94}},"185":{"start":{"line":350,"column":8},"end":{"line":350,"column":27}},"186":{"start":{"line":351,"column":8},"end":{"line":351,"column":71}},"187":{"start":{"line":354,"column":4},"end":{"line":358,"column":7}},"188":{"start":{"line":355,"column":8},"end":{"line":355,"column":94}},"189":{"start":{"line":356,"column":8},"end":{"line":356,"column":33}},"190":{"start":{"line":357,"column":8},"end":{"line":357,"column":72}},"191":{"start":{"line":360,"column":4},"end":{"line":364,"column":7}},"192":{"start":{"line":361,"column":8},"end":{"line":361,"column":95}},"193":{"start":{"line":362,"column":8},"end":{"line":362,"column":30}},"194":{"start":{"line":363,"column":8},"end":{"line":363,"column":74}},"195":{"start":{"line":366,"column":4},"end":{"line":370,"column":7}},"196":{"start":{"line":367,"column":8},"end":{"line":367,"column":95}},"197":{"start":{"line":368,"column":8},"end":{"line":368,"column":32}},"198":{"start":{"line":369,"column":8},"end":{"line":369,"column":76}},"199":{"start":{"line":372,"column":4},"end":{"line":376,"column":7}},"200":{"start":{"line":373,"column":8},"end":{"line":373,"column":96}},"201":{"start":{"line":374,"column":8},"end":{"line":374,"column":27}},"202":{"start":{"line":375,"column":8},"end":{"line":375,"column":74}}},"branchMap":{},"code":["// Jasmine unit tests","// To run tests, run these commands from the project root:","// 1. `npm install -g jasmine-node`","// 2. `jasmine-node spec`","","/* global describe, it, expect */","","'use strict';","var postcss = require('postcss');","var pxtorem = require('..');","var basicCSS = '.rule { font-size: 15px }';","var filterPropList = require('../lib/filter-prop-list');","","describe('pxtorem', function () {","    it('should work on the readme example', function () {","        var input = 'h1 { margin: 0 0 20px; font-size: 32px; line-height: 1.2; letter-spacing: 1px; }';","        var output = 'h1 { margin: 0 0 20px; font-size: 2rem; line-height: 1.2; letter-spacing: 0.0625rem; }';","        var processed = postcss(pxtorem()).process(input).css;","","        expect(processed).toBe(output);","    });","","    it('should replace the px unit with rem', function () {","        var processed = postcss(pxtorem()).process(basicCSS).css;","        var expected = '.rule { font-size: 0.9375rem }';","","        expect(processed).toBe(expected);","    });","","    it('should ignore non px properties', function () {","        var expected = '.rule { font-size: 2em }';","        var processed = postcss(pxtorem()).process(expected).css;","","        expect(processed).toBe(expected);","    });","","    it('should handle < 1 values and values without a leading 0 - legacy', function () {","        var rules = '.rule { margin: 0.5rem .5px -0.2px -.2em }';","        var expected = '.rule { margin: 0.5rem 0.03125rem -0.0125rem -.2em }';","        var options = {","            propWhiteList: ['margin']","        };","        var processed = postcss(pxtorem(options)).process(rules).css;","","        expect(processed).toBe(expected);","    });","","    it('should handle < 1 values and values without a leading 0', function () {","        var rules = '.rule { margin: 0.5rem .5px -0.2px -.2em }';","        var expected = '.rule { margin: 0.5rem 0.03125rem -0.0125rem -.2em }';","        var options = {","            propList: ['margin']","        };","        var processed = postcss(pxtorem(options)).process(rules).css;","","        expect(processed).toBe(expected);","    });","","    it('should not add properties that already exist', function () {","        var expected = '.rule { font-size: 16px; font-size: 1rem; }';","        var processed = postcss(pxtorem()).process(expected).css;","","        expect(processed).toBe(expected);","    });","","    it('should remain unitless if 0', function () {","        var expected = '.rule { font-size: 0px; font-size: 0; }';","        var processed = postcss(pxtorem()).process(expected).css;","","        expect(processed).toBe(expected);","    });","});","","describe('value parsing', function () {","    it('should not replace values in double quotes or single quotes - legacy', function () {","        var options = {","            propWhiteList: []","        };","        var rules = '.rule { content: \\'16px\\'; font-family: \"16px\"; font-size: 16px; }';","        var expected = '.rule { content: \\'16px\\'; font-family: \"16px\"; font-size: 1rem; }';","        var processed = postcss(pxtorem(options)).process(rules).css;","","        expect(processed).toBe(expected);","    });","","    it('should not replace values in double quotes or single quotes', function () {","        var options = {","            propList: ['*']","        };","        var rules = '.rule { content: \\'16px\\'; font-family: \"16px\"; font-size: 16px; }';","        var expected = '.rule { content: \\'16px\\'; font-family: \"16px\"; font-size: 1rem; }';","        var processed = postcss(pxtorem(options)).process(rules).css;","","        expect(processed).toBe(expected);","    });","","    it('should not replace values in `url()` - legacy', function () {","        var options = {","            propWhiteList: []","        };","        var rules = '.rule { background: url(16px.jpg); font-size: 16px; }';","        var expected = '.rule { background: url(16px.jpg); font-size: 1rem; }';","        var processed = postcss(pxtorem(options)).process(rules).css;","","        expect(processed).toBe(expected);","    });","","    it('should not replace values in `url()`', function () {","        var options = {","            propList: ['*']","        };","        var rules = '.rule { background: url(16px.jpg); font-size: 16px; }';","        var expected = '.rule { background: url(16px.jpg); font-size: 1rem; }';","        var processed = postcss(pxtorem(options)).process(rules).css;","","        expect(processed).toBe(expected);","    });","});","","describe('rootValue', function () {","    // Deprecate","    it('should replace using a root value of 10 - legacy', function () {","        var expected = '.rule { font-size: 1.5rem }';","        var options = {","            root_value: 10","        };","        var processed = postcss(pxtorem(options)).process(basicCSS).css;","","        expect(processed).toBe(expected);","    });","","    it('should replace using a root value of 10', function () {","        var expected = '.rule { font-size: 1.5rem }';","        var options = {","            rootValue: 10","        };","        var processed = postcss(pxtorem(options)).process(basicCSS).css;","","        expect(processed).toBe(expected);","    });","});","","describe('unitPrecision', function () {","    // Deprecate","    it('should replace using a decimal of 2 places - legacy', function () {","        var expected = '.rule { font-size: 0.94rem }';","        var options = {","            unit_precision: 2","        };","        var processed = postcss(pxtorem(options)).process(basicCSS).css;","","        expect(processed).toBe(expected);","    });","","    it('should replace using a decimal of 2 places', function () {","        var expected = '.rule { font-size: 0.94rem }';","        var options = {","            unitPrecision: 2","        };","        var processed = postcss(pxtorem(options)).process(basicCSS).css;","","        expect(processed).toBe(expected);","    });","});","","describe('propWhiteList', function () {","    // Deprecate","    it('should only replace properties in the white list - legacy', function () {","        var expected = '.rule { font-size: 15px }';","        var options = {","            prop_white_list: ['font']","        };","        var processed = postcss(pxtorem(options)).process(basicCSS).css;","","        expect(processed).toBe(expected);","    });","","    it('should only replace properties in the white list - legacy', function () {","        var expected = '.rule { font-size: 15px }';","        var options = {","            propWhiteList: ['font']","        };","        var processed = postcss(pxtorem(options)).process(basicCSS).css;","","        expect(processed).toBe(expected);","    });","","    it('should only replace properties in the white list - legacy', function () {","        var css = '.rule { margin: 16px; margin-left: 10px }';","        var expected = '.rule { margin: 1rem; margin-left: 10px }';","        var options = {","            propWhiteList: ['margin']","        };","        var processed = postcss(pxtorem(options)).process(css).css;","","        expect(processed).toBe(expected);","    });","","    it('should only replace properties in the prop list', function () {","        var css = '.rule { font-size: 16px; margin: 16px; margin-left: 5px; padding: 5px; padding-right: 16px }';","        var expected = '.rule { font-size: 1rem; margin: 1rem; margin-left: 5px; padding: 5px; padding-right: 1rem }';","        var options = {","            propWhiteList: ['*font*', 'margin*', '!margin-left', '*-right', 'pad']","        };","        var processed = postcss(pxtorem(options)).process(css).css;","","        expect(processed).toBe(expected);","    });","","    it('should only replace properties in the prop list with wildcard', function () {","        var css = '.rule { font-size: 16px; margin: 16px; margin-left: 5px; padding: 5px; padding-right: 16px }';","        var expected = '.rule { font-size: 16px; margin: 1rem; margin-left: 5px; padding: 5px; padding-right: 16px }';","        var options = {","            propWhiteList: ['*', '!margin-left', '!*padding*', '!font*']","        };","        var processed = postcss(pxtorem(options)).process(css).css;","","        expect(processed).toBe(expected);","    });","","    it('should replace all properties when white list is empty', function () {","        var rules = '.rule { margin: 16px; font-size: 15px }';","        var expected = '.rule { margin: 1rem; font-size: 0.9375rem }';","        var options = {","            propWhiteList: []","        };","        var processed = postcss(pxtorem(options)).process(rules).css;","","        expect(processed).toBe(expected);","    });","});","","describe('selectorBlackList', function () {","    // Deprecate","    it('should ignore selectors in the selector black list - legacy', function () {","        var rules = '.rule { font-size: 15px } .rule2 { font-size: 15px }';","        var expected = '.rule { font-size: 0.9375rem } .rule2 { font-size: 15px }';","        var options = {","            selector_black_list: ['.rule2']","        };","        var processed = postcss(pxtorem(options)).process(rules).css;","","        expect(processed).toBe(expected);","    });","","    it('should ignore selectors in the selector black list', function () {","        var rules = '.rule { font-size: 15px } .rule2 { font-size: 15px }';","        var expected = '.rule { font-size: 0.9375rem } .rule2 { font-size: 15px }';","        var options = {","            selectorBlackList: ['.rule2']","        };","        var processed = postcss(pxtorem(options)).process(rules).css;","","        expect(processed).toBe(expected);","    });","","    it('should ignore every selector with `body$`', function () {","        var rules = 'body { font-size: 16px; } .class-body$ { font-size: 16px; } .simple-class { font-size: 16px; }';","        var expected = 'body { font-size: 1rem; } .class-body$ { font-size: 16px; } .simple-class { font-size: 1rem; }';","        var options = {","            selectorBlackList: ['body$']","        };","        var processed = postcss(pxtorem(options)).process(rules).css;","","        expect(processed).toBe(expected);","    });","","    it('should only ignore exactly `body`', function () {","        var rules = 'body { font-size: 16px; } .class-body { font-size: 16px; } .simple-class { font-size: 16px; }';","        var expected = 'body { font-size: 16px; } .class-body { font-size: 1rem; } .simple-class { font-size: 1rem; }';","        var options = {","            selectorBlackList: [/^body$/]","        };","        var processed = postcss(pxtorem(options)).process(rules).css;","","        expect(processed).toBe(expected);","    });","});","","describe('replace', function () {","    it('should leave fallback pixel unit with root em value', function () {","        var options = {","            replace: false","        };","        var processed = postcss(pxtorem(options)).process(basicCSS).css;","        var expected = '.rule { font-size: 15px; font-size: 0.9375rem }';","","        expect(processed).toBe(expected);","    });","});","","describe('mediaQuery', function () {","    // Deprecate","    it('should replace px in media queries', function () {","        var options = {","            media_query: true","        };","        var processed = postcss(pxtorem(options)).process('@media (min-width: 500px) { .rule { font-size: 16px } }').css;","        var expected = '@media (min-width: 31.25rem) { .rule { font-size: 1rem } }';","","        expect(processed).toBe(expected);","    });","","    it('should replace px in media queries', function () {","        var options = {","            mediaQuery: true","        };","        var processed = postcss(pxtorem(options)).process('@media (min-width: 500px) { .rule { font-size: 16px } }').css;","        var expected = '@media (min-width: 31.25rem) { .rule { font-size: 1rem } }';","","        expect(processed).toBe(expected);","    });","});","","describe('minPixelValue', function () {","    it('should not replace values below minPixelValue', function () {","        var options = {","            propWhiteList: [],","            minPixelValue: 2","        };","        var rules = '.rule { border: 1px solid #000; font-size: 16px; margin: 1px 10px; }';","        var expected = '.rule { border: 1px solid #000; font-size: 1rem; margin: 1px 0.625rem; }';","        var processed = postcss(pxtorem(options)).process(rules).css;","","        expect(processed).toBe(expected);","    });","});","","describe('filter-prop-list', function () {","    it('should find \"exact\" matches from propList', function () {","        var propList = ['font-size', 'margin', '!padding', '*border*', '*', '*y', '!*font*'];","        var expected = 'font-size,margin';","        expect(filterPropList.exact(propList).join()).toBe(expected);","    });","","    it('should find \"contain\" matches from propList and reduce to string', function () {","        var propList = ['font-size', '*margin*', '!padding', '*border*', '*', '*y', '!*font*'];","        var expected = 'margin,border';","        expect(filterPropList.contain(propList).join()).toBe(expected);","    });","","    it('should find \"start\" matches from propList and reduce to string', function () {","        var propList = ['font-size', '*margin*', '!padding', 'border*', '*', '*y', '!*font*'];","        var expected = 'border';","        expect(filterPropList.startWith(propList).join()).toBe(expected);","    });","","    it('should find \"end\" matches from propList and reduce to string', function () {","        var propList = ['font-size', '*margin*', '!padding', 'border*', '*', '*y', '!*font*'];","        var expected = 'y';","        expect(filterPropList.endWith(propList).join()).toBe(expected);","    });","","    it('should find \"not\" matches from propList and reduce to string', function () {","        var propList = ['font-size', '*margin*', '!padding', 'border*', '*', '*y', '!*font*'];","        var expected = 'padding';","        expect(filterPropList.notExact(propList).join()).toBe(expected);","    });","","    it('should find \"not contain\" matches from propList and reduce to string', function () {","        var propList = ['font-size', '*margin*', '!padding', '!border*', '*', '*y', '!*font*'];","        var expected = 'font';","        expect(filterPropList.notContain(propList).join()).toBe(expected);","    });","","    it('should find \"not start\" matches from propList and reduce to string', function () {","        var propList = ['font-size', '*margin*', '!padding', '!border*', '*', '*y', '!*font*'];","        var expected = 'border';","        expect(filterPropList.notStartWith(propList).join()).toBe(expected);","    });","","    it('should find \"not end\" matches from propList and reduce to string', function () {","        var propList = ['font-size', '*margin*', '!padding', '!border*', '*', '!*y', '!*font*'];","        var expected = 'y';","        expect(filterPropList.notEndWith(propList).join()).toBe(expected);","    });","});",""],"l":{"9":2,"10":2,"11":2,"12":2,"14":2,"15":0,"16":0,"17":0,"18":0,"20":0,"23":0,"24":0,"25":0,"27":0,"30":0,"31":0,"32":0,"34":0,"37":0,"38":0,"39":0,"40":0,"43":0,"45":0,"48":0,"49":0,"50":0,"51":0,"54":0,"56":0,"59":0,"60":0,"61":0,"63":0,"66":0,"67":0,"68":0,"70":0,"74":0,"75":0,"76":0,"79":0,"80":0,"81":0,"83":0,"86":0,"87":0,"90":0,"91":0,"92":0,"94":0,"97":0,"98":0,"101":0,"102":0,"103":0,"105":0,"108":0,"109":0,"112":0,"113":0,"114":0,"116":0,"120":0,"122":0,"123":0,"124":0,"127":0,"129":0,"132":0,"133":0,"134":0,"137":0,"139":0,"143":0,"145":0,"146":0,"147":0,"150":0,"152":0,"155":0,"156":0,"157":0,"160":0,"162":0,"166":0,"168":0,"169":0,"170":0,"173":0,"175":0,"178":0,"179":0,"180":0,"183":0,"185":0,"188":0,"189":0,"190":0,"191":0,"194":0,"196":0,"199":0,"200":0,"201":0,"202":0,"205":0,"207":0,"210":0,"211":0,"212":0,"213":0,"216":0,"218":0,"221":0,"222":0,"223":0,"224":0,"227":0,"229":0,"233":0,"235":0,"236":0,"237":0,"238":0,"241":0,"243":0,"246":0,"247":0,"248":0,"249":0,"252":0,"254":0,"257":0,"258":0,"259":0,"260":0,"263":0,"265":0,"268":0,"269":0,"270":0,"271":0,"274":0,"276":0,"280":0,"281":0,"282":0,"285":0,"286":0,"288":0,"292":0,"294":0,"295":0,"298":0,"299":0,"301":0,"304":0,"305":0,"308":0,"309":0,"311":0,"315":0,"316":0,"317":0,"321":0,"322":0,"323":0,"325":0,"329":0,"330":0,"331":0,"332":0,"333":0,"336":0,"337":0,"338":0,"339":0,"342":0,"343":0,"344":0,"345":0,"348":0,"349":0,"350":0,"351":0,"354":0,"355":0,"356":0,"357":0,"360":0,"361":0,"362":0,"363":0,"366":0,"367":0,"368":0,"369":0,"372":0,"373":0,"374":0,"375":0}}}